<?xml version="1.0" encoding="UTF-8"?>
<robot generator="Robot 7.2.2 (Python 3.11.3 on win32)" generated="2025-04-24T16:13:34.201568" rpa="false" schemaversion="5">
<suite id="s1" name="Tests" source="C:\Users\LENOVO\Downloads\projeto_robotframework_fcamara\tests">
<suite id="s1-s1" name="04 Account Validar Campos Obrigatorios" source="C:\Users\LENOVO\Downloads\projeto_robotframework_fcamara\tests\04_account_validar_campos_obrigatorios.robot">
<test id="s1-s1-t1" name="Validar campos obrigatórios na criação de conta" line="8">
<kw name="Abrir navegador" owner="browser_keywords">
<kw name="Open Browser" owner="SeleniumLibrary">
<msg time="2025-04-24T16:13:34.573155" level="FAIL">Variable '${RANDOM}' not found.</msg>
<arg>${URL}</arg>
<arg>${BROWSER}</arg>
<arg>options=add_argument(--no-sandbox);add_argument(--disable-dev-shm-usage);add_argument(--disable-gpu);add_argument(--headless);add_argument(--user-data-dir=/tmp/profile_${RANDOM})</arg>
<doc>Opens a new browser instance to the optional ``url``.</doc>
<status status="FAIL" start="2025-04-24T16:13:34.572102" elapsed="0.001053">Variable '${RANDOM}' not found.</status>
</kw>
<kw name="Maximize Browser Window" owner="SeleniumLibrary">
<doc>Maximizes current browser window.</doc>
<status status="NOT RUN" start="2025-04-24T16:13:34.573155" elapsed="0.000000"/>
</kw>
<status status="FAIL" start="2025-04-24T16:13:34.571057" elapsed="0.002098">Variable '${RANDOM}' not found.</status>
</kw>
<kw name="Clicar em Sign In" owner="email_validation_keywords">
<status status="NOT RUN" start="2025-04-24T16:13:34.574155" elapsed="0.000000"/>
</kw>
<kw name="Preencher e-mail válido" owner="email_validation_keywords">
<status status="NOT RUN" start="2025-04-24T16:13:34.574155" elapsed="0.000000"/>
</kw>
<kw name="Clicar no botão Create an Account" owner="email_validation_keywords">
<status status="NOT RUN" start="2025-04-24T16:13:34.574155" elapsed="0.000000"/>
</kw>
<kw name="Limpar campo de e-mail na tela de cadastro" owner="email_validation_keywords">
<status status="NOT RUN" start="2025-04-24T16:13:34.575318" elapsed="0.000000"/>
</kw>
<kw name="Clicar em Register" owner="email_validation_keywords">
<status status="NOT RUN" start="2025-04-24T16:13:34.575318" elapsed="0.000000"/>
</kw>
<kw name="Validar mensagens de campos obrigatórios" owner="email_validation_keywords">
<status status="NOT RUN" start="2025-04-24T16:13:34.575318" elapsed="0.000000"/>
</kw>
<kw name="Tirar evidência final" owner="browser_keywords">
<status status="NOT RUN" start="2025-04-24T16:13:34.575318" elapsed="0.000000"/>
</kw>
<kw name="Fechar navegador" owner="browser_keywords">
<status status="NOT RUN" start="2025-04-24T16:13:34.576634" elapsed="0.000000"/>
</kw>
<tag>validar_campos_obrigatorios</tag>
<status status="FAIL" start="2025-04-24T16:13:34.571057" elapsed="0.005577">Variable '${RANDOM}' not found.</status>
</test>
<status status="FAIL" start="2025-04-24T16:13:34.230671" elapsed="0.346966"/>
</suite>
<status status="FAIL" start="2025-04-24T16:13:34.202574" elapsed="0.377211"/>
</suite>
<statistics>
<total>
<stat pass="0" fail="1" skip="0">All Tests</stat>
</total>
<tag>
<stat pass="0" fail="1" skip="0">validar_campos_obrigatorios</stat>
</tag>
<suite>
<stat name="Tests" id="s1" pass="0" fail="1" skip="0">Tests</stat>
<stat name="04 Account Validar Campos Obrigatorios" id="s1-s1" pass="0" fail="1" skip="0">Tests.04 Account Validar Campos Obrigatorios</stat>
</suite>
</statistics>
<errors>
<msg time="2025-04-24T16:13:34.569032" level="ERROR">Error in file 'C:\Users\LENOVO\Downloads\projeto_robotframework_fcamara\resources\browser_keywords.robot' on line 10: Setting variable '${RANDOM}' failed: Recursive variable definition.</msg>
</errors>
</robot>
