<?xml version="1.0" encoding="UTF-8"?>
<robot generator="Robot 7.2.2 (Python 3.11.3 on win32)" generated="2025-04-24T15:36:05.729528" rpa="false" schemaversion="5">
<suite id="s1" name="Tests" source="C:\Users\LENOVO\Downloads\projeto_robotframework_fcamara\tests">
<suite id="s1-s1" name="01 Create Account" source="C:\Users\LENOVO\Downloads\projeto_robotframework_fcamara\tests\01_create_account.robot">
<test id="s1-s1-t1" name="Criar conta com sucesso" line="11">
<kw name="Abrir navegador" owner="browser_keywords" type="SETUP">
<kw name="Open Browser" owner="SeleniumLibrary">
<msg time="2025-04-24T15:36:06.619050" level="INFO">Opening browser 'chrome' to base url 'http://www.automationpractice.pl/index.php'.</msg>
<arg>${URL}</arg>
<arg>${BROWSER}</arg>
<doc>Opens a new browser instance to the optional ``url``.</doc>
<status status="PASS" start="2025-04-24T15:36:06.618021" elapsed="11.287522"/>
</kw>
<kw name="Maximize Browser Window" owner="SeleniumLibrary">
<doc>Maximizes current browser window.</doc>
<status status="PASS" start="2025-04-24T15:36:17.906538" elapsed="0.074090"/>
</kw>
<status status="PASS" start="2025-04-24T15:36:06.618021" elapsed="11.362607"/>
</kw>
<kw name="Acessar página de criação de conta" owner="account_keywords">
<kw name="Click Element" owner="SeleniumLibrary">
<msg time="2025-04-24T15:36:17.983240" level="INFO">Clicking element 'xpath=//a[@class='login']'.</msg>
<arg>xpath=//a[@class='login']</arg>
<doc>Click the element identified by ``locator``.</doc>
<status status="PASS" start="2025-04-24T15:36:17.982137" elapsed="2.018905"/>
</kw>
<kw name="Safe Email" owner="FakerLibrary">
<msg time="2025-04-24T15:36:20.002116" level="INFO">${email} = reillyerika@example.org</msg>
<var>${email}</var>
<status status="PASS" start="2025-04-24T15:36:20.002116" elapsed="0.000000"/>
</kw>
<kw name="Input Text" owner="SeleniumLibrary">
<msg time="2025-04-24T15:36:20.003179" level="INFO">Typing text 'reillyerika@example.org' into text field 'id=email_create'.</msg>
<arg>id=email_create</arg>
<arg>${email}</arg>
<doc>Types the given ``text`` into the text field identified by ``locator``.</doc>
<status status="PASS" start="2025-04-24T15:36:20.002116" elapsed="0.214562"/>
</kw>
<kw name="Click Element" owner="SeleniumLibrary">
<msg time="2025-04-24T15:36:20.217683" level="INFO">Clicking element 'id=SubmitCreate'.</msg>
<arg>id=SubmitCreate</arg>
<doc>Click the element identified by ``locator``.</doc>
<status status="PASS" start="2025-04-24T15:36:20.217683" elapsed="0.089910"/>
</kw>
<kw name="Wait Until Page Contains Element" owner="SeleniumLibrary">
<arg>id=customer_firstname</arg>
<arg>10s</arg>
<doc>Waits until the element ``locator`` appears on the current page.</doc>
<status status="PASS" start="2025-04-24T15:36:20.307593" elapsed="1.336954"/>
</kw>
<kw name="Set Suite Variable" owner="BuiltIn">
<msg time="2025-04-24T15:36:21.645948" level="INFO">${email} = reillyerika@example.org</msg>
<arg>${email}</arg>
<doc>Makes a variable available everywhere within the scope of the current suite.</doc>
<status status="PASS" start="2025-04-24T15:36:21.645948" elapsed="0.001082"/>
</kw>
<status status="PASS" start="2025-04-24T15:36:17.980628" elapsed="3.666402"/>
</kw>
<kw name="Preencher dados do usuário" owner="account_keywords">
<kw name="Wait Until Element Is Visible" owner="SeleniumLibrary">
<arg>id=customer_firstname</arg>
<arg>10s</arg>
<doc>Waits until the element ``locator`` is visible.</doc>
<status status="PASS" start="2025-04-24T15:36:21.648054" elapsed="0.031119"/>
</kw>
<kw name="Click Element" owner="SeleniumLibrary">
<msg time="2025-04-24T15:36:21.680168" level="INFO">Clicking element 'id=id_gender1'.</msg>
<arg>id=id_gender1</arg>
<doc>Click the element identified by ``locator``.</doc>
<status status="PASS" start="2025-04-24T15:36:21.680168" elapsed="0.162340"/>
</kw>
<kw name="Input Text" owner="SeleniumLibrary">
<msg time="2025-04-24T15:36:21.844529" level="INFO">Typing text 'QA' into text field 'id=customer_firstname'.</msg>
<arg>id=customer_firstname</arg>
<arg>QA</arg>
<doc>Types the given ``text`` into the text field identified by ``locator``.</doc>
<status status="PASS" start="2025-04-24T15:36:21.844529" elapsed="0.187531"/>
</kw>
<kw name="Input Text" owner="SeleniumLibrary">
<msg time="2025-04-24T15:36:22.032579" level="INFO">Typing text 'Test' into text field 'id=customer_lastname'.</msg>
<arg>id=customer_lastname</arg>
<arg>Test</arg>
<doc>Types the given ``text`` into the text field identified by ``locator``.</doc>
<status status="PASS" start="2025-04-24T15:36:22.032579" elapsed="0.163754"/>
</kw>
<kw name="Input Text" owner="SeleniumLibrary">
<msg time="2025-04-24T15:36:22.197319" level="INFO">Typing text '123456' into text field 'id=passwd'.</msg>
<arg>id=passwd</arg>
<arg>123456</arg>
<doc>Types the given ``text`` into the text field identified by ``locator``.</doc>
<status status="PASS" start="2025-04-24T15:36:22.197319" elapsed="0.101837"/>
</kw>
<kw name="Select From List By Value" owner="SeleniumLibrary">
<msg time="2025-04-24T15:36:22.300178" level="INFO">Selecting options from selection list 'id=days' by value 1.</msg>
<arg>id=days</arg>
<arg>1</arg>
<doc>Selects options from selection list ``locator`` by ``values``.</doc>
<status status="PASS" start="2025-04-24T15:36:22.300178" elapsed="0.123335"/>
</kw>
<kw name="Select From List By Value" owner="SeleniumLibrary">
<msg time="2025-04-24T15:36:22.424522" level="INFO">Selecting options from selection list 'id=months' by value 1.</msg>
<arg>id=months</arg>
<arg>1</arg>
<doc>Selects options from selection list ``locator`` by ``values``.</doc>
<status status="PASS" start="2025-04-24T15:36:22.424522" elapsed="0.092348"/>
</kw>
<kw name="Select From List By Value" owner="SeleniumLibrary">
<msg time="2025-04-24T15:36:22.517919" level="INFO">Selecting options from selection list 'id=years' by value 2000.</msg>
<arg>id=years</arg>
<arg>2000</arg>
<doc>Selects options from selection list ``locator`` by ``values``.</doc>
<status status="PASS" start="2025-04-24T15:36:22.516870" elapsed="0.088956"/>
</kw>
<kw name="Click Element" owner="SeleniumLibrary">
<msg time="2025-04-24T15:36:22.605826" level="INFO">Clicking element 'id=newsletter'.</msg>
<arg>id=newsletter</arg>
<doc>Click the element identified by ``locator``.</doc>
<status status="PASS" start="2025-04-24T15:36:22.605826" elapsed="0.077520"/>
</kw>
<status status="PASS" start="2025-04-24T15:36:21.648054" elapsed="1.035292"/>
</kw>
<kw name="Submeter formulário" owner="account_keywords">
<kw name="Wait Until Element Is Visible" owner="SeleniumLibrary">
<arg>id=submitAccount</arg>
<arg>10s</arg>
<doc>Waits until the element ``locator`` is visible.</doc>
<status status="PASS" start="2025-04-24T15:36:22.684685" elapsed="0.020755"/>
</kw>
<kw name="Click Element" owner="SeleniumLibrary">
<msg time="2025-04-24T15:36:22.706473" level="INFO">Clicking element 'id=submitAccount'.</msg>
<arg>id=submitAccount</arg>
<doc>Click the element identified by ``locator``.</doc>
<status status="PASS" start="2025-04-24T15:36:22.706473" elapsed="0.081165"/>
</kw>
<status status="PASS" start="2025-04-24T15:36:22.683346" elapsed="0.104292"/>
</kw>
<kw name="Verificar criação com sucesso" owner="account_keywords">
<kw name="Wait Until Page Contains Element" owner="SeleniumLibrary">
<arg>xpath=//a[@class='logout']</arg>
<arg>15s</arg>
<doc>Waits until the element ``locator`` appears on the current page.</doc>
<status status="PASS" start="2025-04-24T15:36:22.787638" elapsed="1.883072"/>
</kw>
<kw name="Wait Until Element Is Visible" owner="SeleniumLibrary">
<arg>css=.alert.alert-success</arg>
<arg>10s</arg>
<doc>Waits until the element ``locator`` is visible.</doc>
<status status="PASS" start="2025-04-24T15:36:24.672219" elapsed="0.023640"/>
</kw>
<kw name="Element Text Should Be" owner="SeleniumLibrary">
<msg time="2025-04-24T15:36:24.696868" level="INFO">Verifying element 'css=.alert.alert-success' contains exact text 'Your account has been created.'.</msg>
<arg>css=.alert.alert-success</arg>
<arg>Your account has been created.</arg>
<doc>Verifies that element ``locator`` contains exact the text ``expected``.</doc>
<status status="PASS" start="2025-04-24T15:36:24.696868" elapsed="0.022698"/>
</kw>
<status status="PASS" start="2025-04-24T15:36:22.787638" elapsed="1.932960"/>
</kw>
<kw name="Tirar evidência final" owner="browser_keywords" type="TEARDOWN">
<kw name="Capture Page Screenshot" owner="SeleniumLibrary">
<msg time="2025-04-24T15:36:24.882736" level="INFO" html="true">&lt;/td&gt;&lt;/tr&gt;&lt;tr&gt;&lt;td colspan="3"&gt;&lt;a href="selenium-screenshot-284.png"&gt;&lt;img src="selenium-screenshot-284.png" width="800px"&gt;&lt;/a&gt;</msg>
<doc>Takes a screenshot of the current page and embeds it into a log file.</doc>
<status status="PASS" start="2025-04-24T15:36:24.720598" elapsed="0.163647"/>
</kw>
<status status="PASS" start="2025-04-24T15:36:24.720598" elapsed="0.163647"/>
</kw>
<tag>create_account</tag>
<status status="PASS" start="2025-04-24T15:36:06.616924" elapsed="18.267321"/>
</test>
<status status="PASS" start="2025-04-24T15:36:05.757532" elapsed="19.127716"/>
</suite>
<suite id="s1-s2" name="02 Login" source="C:\Users\LENOVO\Downloads\projeto_robotframework_fcamara\tests\02_login.robot">
<test id="s1-s2-t1" name="Fazer login com sucesso" line="11">
<kw name="Abrir navegador" owner="browser_keywords" type="SETUP">
<kw name="Open Browser" owner="SeleniumLibrary">
<msg time="2025-04-24T15:36:24.909765" level="INFO">Opening browser 'chrome' to base url 'http://www.automationpractice.pl/index.php'.</msg>
<arg>${URL}</arg>
<arg>${BROWSER}</arg>
<doc>Opens a new browser instance to the optional ``url``.</doc>
<status status="PASS" start="2025-04-24T15:36:24.909765" elapsed="7.128005"/>
</kw>
<kw name="Maximize Browser Window" owner="SeleniumLibrary">
<doc>Maximizes current browser window.</doc>
<status status="PASS" start="2025-04-24T15:36:32.037770" elapsed="0.073656"/>
</kw>
<status status="PASS" start="2025-04-24T15:36:24.908766" elapsed="7.203681"/>
</kw>
<kw name="Fazer login" owner="login_keywords">
<kw name="Click Element" owner="SeleniumLibrary">
<msg time="2025-04-24T15:36:32.119041" level="INFO">Clicking element 'xpath=//a[@class='login']'.</msg>
<arg>xpath=//a[@class='login']</arg>
<doc>Click the element identified by ``locator``.</doc>
<status status="PASS" start="2025-04-24T15:36:32.119041" elapsed="1.244104"/>
</kw>
<kw name="Input Text" owner="SeleniumLibrary">
<msg time="2025-04-24T15:36:33.365157" level="INFO">Typing text 'teste@example.com' into text field 'id=email'.</msg>
<arg>id=email</arg>
<arg>${EMAIL}</arg>
<doc>Types the given ``text`` into the text field identified by ``locator``.</doc>
<status status="PASS" start="2025-04-24T15:36:33.363145" elapsed="0.195942"/>
</kw>
<kw name="Input Text" owner="SeleniumLibrary">
<msg time="2025-04-24T15:36:33.560083" level="INFO">Typing text '654321' into text field 'id=passwd'.</msg>
<arg>id=passwd</arg>
<arg>${SENHA}</arg>
<doc>Types the given ``text`` into the text field identified by ``locator``.</doc>
<status status="PASS" start="2025-04-24T15:36:33.559087" elapsed="0.133752"/>
</kw>
<kw name="Click Button" owner="SeleniumLibrary">
<msg time="2025-04-24T15:36:33.694571" level="INFO">Clicking button 'id=SubmitLogin'.</msg>
<arg>id=SubmitLogin</arg>
<doc>Clicks the button identified by ``locator``.</doc>
<status status="PASS" start="2025-04-24T15:36:33.694571" elapsed="0.092772"/>
</kw>
<kw name="Wait Until Page Contains Element" owner="SeleniumLibrary">
<arg>xpath=//a[@class='logout']</arg>
<arg>timeout=10s</arg>
<doc>Waits until the element ``locator`` appears on the current page.</doc>
<status status="PASS" start="2025-04-24T15:36:33.788850" elapsed="1.162111"/>
</kw>
<status status="PASS" start="2025-04-24T15:36:32.116512" elapsed="2.834449"/>
</kw>
<kw name="Tirar evidência final" owner="browser_keywords" type="TEARDOWN">
<kw name="Capture Page Screenshot" owner="SeleniumLibrary">
<msg time="2025-04-24T15:36:35.199031" level="INFO" html="true">&lt;/td&gt;&lt;/tr&gt;&lt;tr&gt;&lt;td colspan="3"&gt;&lt;a href="selenium-screenshot-285.png"&gt;&lt;img src="selenium-screenshot-285.png" width="800px"&gt;&lt;/a&gt;</msg>
<doc>Takes a screenshot of the current page and embeds it into a log file.</doc>
<status status="PASS" start="2025-04-24T15:36:34.952469" elapsed="0.246562"/>
</kw>
<status status="PASS" start="2025-04-24T15:36:34.950961" elapsed="0.248070"/>
</kw>
<tag>login</tag>
<status status="PASS" start="2025-04-24T15:36:24.907742" elapsed="10.291289"/>
</test>
<status status="PASS" start="2025-04-24T15:36:24.886692" elapsed="10.313769"/>
</suite>
<suite id="s1-s3" name="03 Create Account Email Invalido" source="C:\Users\LENOVO\Downloads\projeto_robotframework_fcamara\tests\03_create_account_email_invalido.robot">
<kw name="Abrir navegador" owner="browser_keywords" type="SETUP">
<kw name="Open Browser" owner="SeleniumLibrary">
<msg time="2025-04-24T15:36:35.214339" level="INFO">Opening browser 'chrome' to base url 'http://www.automationpractice.pl/index.php'.</msg>
<arg>${URL}</arg>
<arg>${BROWSER}</arg>
<doc>Opens a new browser instance to the optional ``url``.</doc>
<status status="PASS" start="2025-04-24T15:36:35.212831" elapsed="7.016144"/>
</kw>
<kw name="Maximize Browser Window" owner="SeleniumLibrary">
<doc>Maximizes current browser window.</doc>
<status status="PASS" start="2025-04-24T15:36:42.228975" elapsed="0.098254"/>
</kw>
<status status="PASS" start="2025-04-24T15:36:35.212831" elapsed="7.114398"/>
</kw>
<test id="s1-s3-t1" name="Validar mensagem para e-mail inválido" line="11">
<kw name="Validar mensagem de e-mail inválido" owner="account_keywords">
<kw name="Click Element" owner="SeleniumLibrary">
<msg time="2025-04-24T15:36:42.330897" level="INFO">Clicking element 'xpath=//a[@class='login']'.</msg>
<arg>xpath=//a[@class='login']</arg>
<doc>Click the element identified by ``locator``.</doc>
<status status="PASS" start="2025-04-24T15:36:42.329549" elapsed="1.351832"/>
</kw>
<kw name="Input Text" owner="SeleniumLibrary">
<msg time="2025-04-24T15:36:43.682886" level="INFO">Typing text 'isaqueantunes+hotmail.com' into text field 'id=email_create'.</msg>
<arg>id=email_create</arg>
<arg>${email_invalido}</arg>
<doc>Types the given ``text`` into the text field identified by ``locator``.</doc>
<status status="PASS" start="2025-04-24T15:36:43.682377" elapsed="0.258928"/>
</kw>
<kw name="Click Element" owner="SeleniumLibrary">
<msg time="2025-04-24T15:36:43.942303" level="INFO">Clicking element 'id=SubmitCreate'.</msg>
<arg>id=SubmitCreate</arg>
<doc>Click the element identified by ``locator``.</doc>
<status status="PASS" start="2025-04-24T15:36:43.941305" elapsed="0.107156"/>
</kw>
<kw name="Wait Until Element Is Visible" owner="SeleniumLibrary">
<arg>xpath=//div[@id="create_account_error"]//li</arg>
<arg>10s</arg>
<doc>Waits until the element ``locator`` is visible.</doc>
<status status="PASS" start="2025-04-24T15:36:44.048461" elapsed="0.502552"/>
</kw>
<kw name="Element Text Should Be" owner="SeleniumLibrary">
<msg time="2025-04-24T15:36:44.551013" level="INFO">Verifying element 'xpath=//div[@id="create_account_error"]//li' contains exact text 'Invalid email address.'.</msg>
<arg>xpath=//div[@id="create_account_error"]//li</arg>
<arg>Invalid email address.</arg>
<doc>Verifies that element ``locator`` contains exact the text ``expected``.</doc>
<status status="PASS" start="2025-04-24T15:36:44.551013" elapsed="0.027047"/>
</kw>
<arg>isaqueantunes+hotmail.com</arg>
<status status="PASS" start="2025-04-24T15:36:42.329549" elapsed="2.248511"/>
</kw>
<kw name="Tirar evidência final" owner="browser_keywords" type="TEARDOWN">
<kw name="Capture Page Screenshot" owner="SeleniumLibrary">
<msg time="2025-04-24T15:36:44.782804" level="INFO" html="true">&lt;/td&gt;&lt;/tr&gt;&lt;tr&gt;&lt;td colspan="3"&gt;&lt;a href="selenium-screenshot-286.png"&gt;&lt;img src="selenium-screenshot-286.png" width="800px"&gt;&lt;/a&gt;</msg>
<doc>Takes a screenshot of the current page and embeds it into a log file.</doc>
<status status="PASS" start="2025-04-24T15:36:44.579135" elapsed="0.203669"/>
</kw>
<status status="PASS" start="2025-04-24T15:36:44.579135" elapsed="0.203669"/>
</kw>
<tag>create_account_e-mail_invalido</tag>
<status status="PASS" start="2025-04-24T15:36:42.327229" elapsed="2.455575"/>
</test>
<status status="PASS" start="2025-04-24T15:36:35.201474" elapsed="9.583850"/>
</suite>
<suite id="s1-s4" name="04 Account Validar Campos Obrigatorios" source="C:\Users\LENOVO\Downloads\projeto_robotframework_fcamara\tests\04_account_validar_campos_obrigatorios.robot">
<test id="s1-s4-t1" name="Validar campos obrigatórios na criação de conta" line="8">
<kw name="Abrir navegador" owner="browser_keywords">
<kw name="Open Browser" owner="SeleniumLibrary">
<msg time="2025-04-24T15:36:45.019512" level="INFO">Opening browser 'chrome' to base url 'http://www.automationpractice.pl/index.php'.</msg>
<arg>${URL}</arg>
<arg>${BROWSER}</arg>
<doc>Opens a new browser instance to the optional ``url``.</doc>
<status status="PASS" start="2025-04-24T15:36:45.019512" elapsed="7.221506"/>
</kw>
<kw name="Maximize Browser Window" owner="SeleniumLibrary">
<doc>Maximizes current browser window.</doc>
<status status="PASS" start="2025-04-24T15:36:52.243692" elapsed="0.064874"/>
</kw>
<status status="PASS" start="2025-04-24T15:36:45.018507" elapsed="7.290059"/>
</kw>
<kw name="Clicar em Sign In" owner="email_validation_keywords">
<kw name="Click Element" owner="SeleniumLibrary">
<msg time="2025-04-24T15:36:52.313780" level="INFO">Clicking element 'xpath=//a[@class='login']'.</msg>
<arg>xpath=//a[@class='login']</arg>
<doc>Click the element identified by ``locator``.</doc>
<status status="PASS" start="2025-04-24T15:36:52.312551" elapsed="1.259727"/>
</kw>
<status status="PASS" start="2025-04-24T15:36:52.310046" elapsed="1.262232"/>
</kw>
<kw name="Preencher e-mail válido" owner="email_validation_keywords">
<kw name="Input Text" owner="SeleniumLibrary">
<msg time="2025-04-24T15:36:53.572784" level="INFO">Typing text 'wikoge3818@f5url.com' into text field 'id=email_create'.</msg>
<arg>id=email_create</arg>
<arg>wikoge3818@f5url.com</arg>
<doc>Types the given ``text`` into the text field identified by ``locator``.</doc>
<status status="PASS" start="2025-04-24T15:36:53.572784" elapsed="0.192781"/>
</kw>
<status status="PASS" start="2025-04-24T15:36:53.572784" elapsed="0.193924"/>
</kw>
<kw name="Clicar no botão Create an Account" owner="email_validation_keywords">
<kw name="Wait Until Element Is Visible" owner="SeleniumLibrary">
<arg>id=SubmitCreate</arg>
<arg>timeout=5s</arg>
<doc>Waits until the element ``locator`` is visible.</doc>
<status status="PASS" start="2025-04-24T15:36:53.767684" elapsed="0.032049"/>
</kw>
<kw name="Click Button" owner="SeleniumLibrary">
<msg time="2025-04-24T15:36:53.800824" level="INFO">Clicking button 'id=SubmitCreate'.</msg>
<arg>id=SubmitCreate</arg>
<doc>Clicks the button identified by ``locator``.</doc>
<status status="PASS" start="2025-04-24T15:36:53.800824" elapsed="0.116930"/>
</kw>
<status status="PASS" start="2025-04-24T15:36:53.766708" elapsed="0.151046"/>
</kw>
<kw name="Limpar campo de e-mail na tela de cadastro" owner="email_validation_keywords">
<kw name="Click Button" owner="SeleniumLibrary">
<msg time="2025-04-24T15:36:53.919205" level="INFO">Clicking button 'id=SubmitCreate'.</msg>
<arg>id=SubmitCreate</arg>
<doc>Clicks the button identified by ``locator``.</doc>
<status status="PASS" start="2025-04-24T15:36:53.917754" elapsed="0.078844"/>
</kw>
<kw name="Wait Until Element Is Visible" owner="SeleniumLibrary">
<arg>id=customer_firstname</arg>
<arg>10s</arg>
<doc>Waits until the element ``locator`` is visible.</doc>
<status status="PASS" start="2025-04-24T15:36:53.996598" elapsed="1.130224"/>
</kw>
<kw name="Click Element" owner="SeleniumLibrary">
<msg time="2025-04-24T15:36:55.127866" level="INFO">Clicking element 'id=id_gender2'.</msg>
<arg>id=id_gender2</arg>
<doc>Click the element identified by ``locator``.</doc>
<status status="PASS" start="2025-04-24T15:36:55.126822" elapsed="0.100299"/>
</kw>
<kw name="Input Text" owner="SeleniumLibrary">
<msg time="2025-04-24T15:36:55.227121" level="INFO">Typing text 'wikoge3818@f5url.com' into text field 'id=email'.</msg>
<arg>id=email</arg>
<arg>wikoge3818@f5url.com</arg>
<doc>Types the given ``text`` into the text field identified by ``locator``.</doc>
<status status="PASS" start="2025-04-24T15:36:55.227121" elapsed="0.216380"/>
</kw>
<kw name="Clear Element Text" owner="SeleniumLibrary">
<arg>id=email</arg>
<doc>Clears the value of the text-input-element identified by ``locator``.</doc>
<status status="PASS" start="2025-04-24T15:36:55.444678" elapsed="0.051292"/>
</kw>
<status status="PASS" start="2025-04-24T15:36:53.917754" elapsed="1.578216"/>
</kw>
<kw name="Clicar em Register" owner="email_validation_keywords">
<kw name="Wait Until Element Is Visible" owner="SeleniumLibrary">
<arg>id=submitAccount</arg>
<arg>10s</arg>
<doc>Waits until the element ``locator`` is visible.</doc>
<status status="PASS" start="2025-04-24T15:36:55.498500" elapsed="0.030273"/>
</kw>
<kw name="Click Button" owner="SeleniumLibrary">
<msg time="2025-04-24T15:36:55.528773" level="INFO">Clicking button 'id=submitAccount'.</msg>
<arg>id=submitAccount</arg>
<doc>Clicks the button identified by ``locator``.</doc>
<status status="PASS" start="2025-04-24T15:36:55.528773" elapsed="0.724716"/>
</kw>
<status status="PASS" start="2025-04-24T15:36:55.497283" elapsed="0.756206"/>
</kw>
<kw name="Validar mensagens de campos obrigatórios" owner="email_validation_keywords">
<kw name="Wait Until Element Is Visible" owner="SeleniumLibrary">
<arg>css=.alert.alert-danger</arg>
<arg>timeout=10s</arg>
<doc>Waits until the element ``locator`` is visible.</doc>
<status status="PASS" start="2025-04-24T15:36:56.258072" elapsed="0.058947"/>
</kw>
<kw name="Element Should Contain" owner="SeleniumLibrary">
<msg time="2025-04-24T15:36:56.360884" level="INFO">Element 'css=.alert.alert-danger' contains text 'lastname is required.'.</msg>
<arg>css=.alert.alert-danger</arg>
<arg>lastname is required.</arg>
<doc>Verifies that element ``locator`` contains text ``expected``.</doc>
<status status="PASS" start="2025-04-24T15:36:56.317019" elapsed="0.043865"/>
</kw>
<kw name="Element Should Contain" owner="SeleniumLibrary">
<msg time="2025-04-24T15:36:56.380245" level="INFO">Element 'css=.alert.alert-danger' contains text 'firstname is required.'.</msg>
<arg>css=.alert.alert-danger</arg>
<arg>firstname is required.</arg>
<doc>Verifies that element ``locator`` contains text ``expected``.</doc>
<status status="PASS" start="2025-04-24T15:36:56.360884" elapsed="0.020468"/>
</kw>
<kw name="Element Should Contain" owner="SeleniumLibrary">
<msg time="2025-04-24T15:36:56.402196" level="INFO">Element 'css=.alert.alert-danger' contains text 'email is required.'.</msg>
<arg>css=.alert.alert-danger</arg>
<arg>email is required.</arg>
<doc>Verifies that element ``locator`` contains text ``expected``.</doc>
<status status="PASS" start="2025-04-24T15:36:56.381352" elapsed="0.020844"/>
</kw>
<kw name="Element Should Contain" owner="SeleniumLibrary">
<msg time="2025-04-24T15:36:56.422272" level="INFO">Element 'css=.alert.alert-danger' contains text 'passwd is required.'.</msg>
<arg>css=.alert.alert-danger</arg>
<arg>passwd is required.</arg>
<doc>Verifies that element ``locator`` contains text ``expected``.</doc>
<status status="PASS" start="2025-04-24T15:36:56.402196" elapsed="0.020076"/>
</kw>
<status status="PASS" start="2025-04-24T15:36:56.256705" elapsed="0.165567"/>
</kw>
<kw name="Tirar evidência final" owner="browser_keywords">
<kw name="Capture Page Screenshot" owner="SeleniumLibrary">
<msg time="2025-04-24T15:36:56.595933" level="INFO" html="true">&lt;/td&gt;&lt;/tr&gt;&lt;tr&gt;&lt;td colspan="3"&gt;&lt;a href="selenium-screenshot-287.png"&gt;&lt;img src="selenium-screenshot-287.png" width="800px"&gt;&lt;/a&gt;</msg>
<doc>Takes a screenshot of the current page and embeds it into a log file.</doc>
<status status="PASS" start="2025-04-24T15:36:56.422803" elapsed="0.173130"/>
</kw>
<status status="PASS" start="2025-04-24T15:36:56.422803" elapsed="0.173130"/>
</kw>
<kw name="Fechar navegador" owner="browser_keywords">
<kw name="Close Browser" owner="SeleniumLibrary">
<doc>Closes the current browser.</doc>
<status status="PASS" start="2025-04-24T15:36:56.596953" elapsed="2.321998"/>
</kw>
<status status="PASS" start="2025-04-24T15:36:56.595933" elapsed="2.323018"/>
</kw>
<msg time="2025-04-24T15:36:58.969916" level="INFO">Starting Browser process C:\Python311\Lib\site-packages\Browser\wrapper\index.js using port 63787</msg>
<msg time="2025-04-24T15:36:58.969916" level="INFO">Node startup parameters: ['node', 'C:\\Python311\\Lib\\site-packages\\Browser\\wrapper\\index.js', '63787']</msg>
<tag>validar_campos_obrigatorios</tag>
<status status="PASS" start="2025-04-24T15:36:45.017454" elapsed="13.902899"/>
</test>
<status status="PASS" start="2025-04-24T15:36:44.785830" elapsed="15.282327"/>
</suite>
<suite id="s1-s5" name="05 Login Senha Incorreta" source="C:\Users\LENOVO\Downloads\projeto_robotframework_fcamara\tests\05_login_senha_incorreta.robot">
<test id="s1-s5-t1" name="Validar mensagem ao logar com senha incorreta" line="11">
<kw name="Abrir navegador" owner="browser_keywords">
<kw name="Open Browser" owner="SeleniumLibrary">
<msg time="2025-04-24T15:37:00.125536" level="INFO">Opening browser 'chrome' to base url 'http://www.automationpractice.pl/index.php'.</msg>
<arg>${URL}</arg>
<arg>${BROWSER}</arg>
<doc>Opens a new browser instance to the optional ``url``.</doc>
<status status="PASS" start="2025-04-24T15:37:00.125536" elapsed="6.954909"/>
</kw>
<kw name="Maximize Browser Window" owner="SeleniumLibrary">
<doc>Maximizes current browser window.</doc>
<status status="PASS" start="2025-04-24T15:37:07.080445" elapsed="0.070850"/>
</kw>
<status status="PASS" start="2025-04-24T15:37:00.124498" elapsed="7.027790"/>
</kw>
<kw name="Validar login com senha inválida" owner="login_keywords">
<kw name="Click Element" owner="SeleniumLibrary">
<msg time="2025-04-24T15:37:07.155465" level="INFO">Clicking element 'css=a.login'.</msg>
<arg>css=a.login</arg>
<doc>Click the element identified by ``locator``.</doc>
<status status="PASS" start="2025-04-24T15:37:07.154311" elapsed="1.297066"/>
</kw>
<kw name="Input Text" owner="SeleniumLibrary">
<msg time="2025-04-24T15:37:08.452368" level="INFO">Typing text 'qa@hotmail.com' into text field 'id=email'.</msg>
<arg>id=email</arg>
<arg>qa@hotmail.com</arg>
<doc>Types the given ``text`` into the text field identified by ``locator``.</doc>
<status status="PASS" start="2025-04-24T15:37:08.452368" elapsed="0.189870"/>
</kw>
<kw name="Input Text" owner="SeleniumLibrary">
<msg time="2025-04-24T15:37:08.644781" level="INFO">Typing text 'x' into text field 'id=passwd'.</msg>
<arg>id=passwd</arg>
<arg>x</arg>
<doc>Types the given ``text`` into the text field identified by ``locator``.</doc>
<status status="PASS" start="2025-04-24T15:37:08.643315" elapsed="0.112115"/>
</kw>
<kw name="Click Button" owner="SeleniumLibrary">
<msg time="2025-04-24T15:37:08.756518" level="INFO">Clicking button 'id=SubmitLogin'.</msg>
<arg>id=SubmitLogin</arg>
<doc>Clicks the button identified by ``locator``.</doc>
<status status="PASS" start="2025-04-24T15:37:08.756518" elapsed="0.090669"/>
</kw>
<kw name="Wait Until Element Is Visible" owner="SeleniumLibrary">
<arg>css=.alert.alert-danger</arg>
<arg>timeout=10s</arg>
<doc>Waits until the element ``locator`` is visible.</doc>
<status status="PASS" start="2025-04-24T15:37:08.848198" elapsed="0.591060"/>
</kw>
<kw name="Element Should Contain" owner="SeleniumLibrary">
<msg time="2025-04-24T15:37:09.463484" level="INFO">Element 'css=.alert.alert-danger' contains text 'Invalid password.'.</msg>
<arg>css=.alert.alert-danger</arg>
<arg>Invalid password.</arg>
<doc>Verifies that element ``locator`` contains text ``expected``.</doc>
<status status="PASS" start="2025-04-24T15:37:09.439258" elapsed="0.024226"/>
</kw>
<status status="PASS" start="2025-04-24T15:37:07.152801" elapsed="2.310683"/>
</kw>
<kw name="Tirar evidência final" owner="browser_keywords" type="TEARDOWN">
<kw name="Capture Page Screenshot" owner="SeleniumLibrary">
<msg time="2025-04-24T15:37:09.646744" level="INFO" html="true">&lt;/td&gt;&lt;/tr&gt;&lt;tr&gt;&lt;td colspan="3"&gt;&lt;a href="selenium-screenshot-288.png"&gt;&lt;img src="selenium-screenshot-288.png" width="800px"&gt;&lt;/a&gt;</msg>
<doc>Takes a screenshot of the current page and embeds it into a log file.</doc>
<status status="PASS" start="2025-04-24T15:37:09.464511" elapsed="0.182233"/>
</kw>
<status status="PASS" start="2025-04-24T15:37:09.464511" elapsed="0.183296"/>
</kw>
<tag>login_senha_incorreta</tag>
<status status="PASS" start="2025-04-24T15:37:00.121187" elapsed="9.526620"/>
</test>
<status status="PASS" start="2025-04-24T15:37:00.104485" elapsed="9.585178"/>
</suite>
<suite id="s1-s6" name="06 Compra" source="C:\Users\LENOVO\Downloads\projeto_robotframework_fcamara\tests\06_compra.robot">
<test id="s1-s6-t1" name="Realizar compra completa :: Teste E2E para realizar uma compra com sucesso" line="7">
<kw name="Abrir site" owner="home_page">
<kw name="Open Browser" owner="SeleniumLibrary">
<msg time="2025-04-24T15:37:09.734898" level="INFO">Opening browser 'chrome' to base url 'http://www.automationpractice.pl/index.php'.</msg>
<arg>http://www.automationpractice.pl/index.php</arg>
<arg>chrome</arg>
<doc>Opens a new browser instance to the optional ``url``.</doc>
<status status="PASS" start="2025-04-24T15:37:09.734898" elapsed="7.402834"/>
</kw>
<kw name="Maximize Browser Window" owner="SeleniumLibrary">
<doc>Maximizes current browser window.</doc>
<status status="PASS" start="2025-04-24T15:37:17.137732" elapsed="0.070754"/>
</kw>
<status status="PASS" start="2025-04-24T15:37:09.733655" elapsed="7.474831"/>
</kw>
<kw name="Fazer login com usuário existente" owner="home_page">
<kw name="Click Element" owner="SeleniumLibrary">
<msg time="2025-04-24T15:37:17.209626" level="INFO">Clicking element 'xpath=//a[@class='login']'.</msg>
<arg>xpath=//a[@class='login']</arg>
<doc>Click the element identified by ``locator``.</doc>
<status status="PASS" start="2025-04-24T15:37:17.209626" elapsed="1.268495"/>
</kw>
<kw name="Input Text" owner="SeleniumLibrary">
<msg time="2025-04-24T15:37:18.478121" level="INFO">Typing text 'teste@example.com' into text field 'id=email'.</msg>
<arg>id=email</arg>
<arg>teste@example.com</arg>
<doc>Types the given ``text`` into the text field identified by ``locator``.</doc>
<status status="PASS" start="2025-04-24T15:37:18.478121" elapsed="0.209115"/>
</kw>
<kw name="Input Text" owner="SeleniumLibrary">
<msg time="2025-04-24T15:37:18.690665" level="INFO">Typing text '654321' into text field 'id=passwd'.</msg>
<arg>id=passwd</arg>
<arg>654321</arg>
<doc>Types the given ``text`` into the text field identified by ``locator``.</doc>
<status status="PASS" start="2025-04-24T15:37:18.687236" elapsed="0.122914"/>
</kw>
<kw name="Click Button" owner="SeleniumLibrary">
<msg time="2025-04-24T15:37:18.811146" level="INFO">Clicking button 'id=SubmitLogin'.</msg>
<arg>id=SubmitLogin</arg>
<doc>Clicks the button identified by ``locator``.</doc>
<status status="PASS" start="2025-04-24T15:37:18.810150" elapsed="0.100211"/>
</kw>
<kw name="Wait Until Page Contains Element" owner="SeleniumLibrary">
<arg>xpath=//a[@class='logout']</arg>
<arg>10s</arg>
<doc>Waits until the element ``locator`` appears on the current page.</doc>
<status status="PASS" start="2025-04-24T15:37:18.910361" elapsed="1.368704"/>
</kw>
<status status="PASS" start="2025-04-24T15:37:17.209626" elapsed="3.069439"/>
</kw>
<kw name="Acessar seção Women" owner="home_page">
<kw name="Click Element" owner="SeleniumLibrary">
<msg time="2025-04-24T15:37:20.282293" level="INFO">Clicking element 'xpath=//a[@title='Women' and contains(text(), 'Women')]'.</msg>
<arg>xpath=//a[@title='Women' and contains(text(), 'Women')]</arg>
<doc>Click the element identified by ``locator``.</doc>
<status status="PASS" start="2025-04-24T15:37:20.281238" elapsed="1.826613"/>
</kw>
<kw name="Wait Until Page Contains Element" owner="SeleniumLibrary">
<arg>xpath=//a[@title='Blouse']</arg>
<arg>10s</arg>
<doc>Waits until the element ``locator`` appears on the current page.</doc>
<status status="PASS" start="2025-04-24T15:37:22.107851" elapsed="0.017802"/>
</kw>
<status status="PASS" start="2025-04-24T15:37:20.280225" elapsed="1.845428"/>
</kw>
<kw name="Selecionar produto &quot;Blouse&quot;" owner="home_page">
<kw name="Scroll Element Into View" owner="SeleniumLibrary">
<arg>xpath=//a[@title='Blouse']</arg>
<doc>Scrolls the element identified by ``locator`` into view.</doc>
<status status="PASS" start="2025-04-24T15:37:22.125653" elapsed="0.284767"/>
</kw>
<kw name="Mouse Over" owner="SeleniumLibrary">
<msg time="2025-04-24T15:37:22.410420" level="INFO">Simulating Mouse Over on element 'xpath=//a[@title='Blouse']'.</msg>
<arg>xpath=//a[@title='Blouse']</arg>
<doc>Simulates hovering the mouse over the element ``locator``.</doc>
<status status="PASS" start="2025-04-24T15:37:22.410420" elapsed="0.282992"/>
</kw>
<kw name="Sleep" owner="BuiltIn">
<msg time="2025-04-24T15:37:23.694590" level="INFO">Slept 1 second.</msg>
<arg>1s</arg>
<doc>Pauses the test executed for the given time.</doc>
<status status="PASS" start="2025-04-24T15:37:22.693412" elapsed="1.001178"/>
</kw>
<kw name="Wait Until Element Is Visible" owner="SeleniumLibrary">
<msg time="2025-04-24T15:37:33.979096" level="INFO" html="true">&lt;/td&gt;&lt;/tr&gt;&lt;tr&gt;&lt;td colspan="3"&gt;&lt;a href="selenium-screenshot-289.png"&gt;&lt;img src="selenium-screenshot-289.png" width="800px"&gt;&lt;/a&gt;</msg>
<msg time="2025-04-24T15:37:33.980410" level="FAIL">Element 'xpath=//a[@title='Blouse']/ancestor::li//a[@title='Add to cart']' not visible after 10 seconds.</msg>
<arg>xpath=//a[@title='Blouse']/ancestor::li//a[@title='Add to cart']</arg>
<arg>10s</arg>
<doc>Waits until the element ``locator`` is visible.</doc>
<status status="FAIL" start="2025-04-24T15:37:23.694590" elapsed="10.286861">Element 'xpath=//a[@title='Blouse']/ancestor::li//a[@title='Add to cart']' not visible after 10 seconds.</status>
</kw>
<kw name="Click Element" owner="SeleniumLibrary">
<arg>xpath=//a[@title='Blouse']/ancestor::li//a[@title='Add to cart']</arg>
<doc>Click the element identified by ``locator``.</doc>
<status status="NOT RUN" start="2025-04-24T15:37:33.981451" elapsed="0.000000"/>
</kw>
<status status="FAIL" start="2025-04-24T15:37:22.125653" elapsed="11.856796">Element 'xpath=//a[@title='Blouse']/ancestor::li//a[@title='Add to cart']' not visible after 10 seconds.</status>
</kw>
<kw name="Adicionar produto ao carrinho" owner="home_page">
<status status="NOT RUN" start="2025-04-24T15:37:33.982449" elapsed="0.000000"/>
</kw>
<kw name="Finalizar compra" owner="home_page">
<status status="NOT RUN" start="2025-04-24T15:37:33.982449" elapsed="0.000000"/>
</kw>
<kw name="Validar confirmação de pedido" owner="home_page">
<status status="NOT RUN" start="2025-04-24T15:37:33.982449" elapsed="0.001078"/>
</kw>
<kw name="Tirar evidência da compra" owner="home_page">
<status status="NOT RUN" start="2025-04-24T15:37:33.983527" elapsed="0.000000"/>
</kw>
<kw name="Fechar navegador" owner="home_page">
<status status="NOT RUN" start="2025-04-24T15:37:33.983527" elapsed="0.000000"/>
</kw>
<tag>compra</tag>
<status status="FAIL" start="2025-04-24T15:37:09.732655" elapsed="24.250872">Element 'xpath=//a[@title='Blouse']/ancestor::li//a[@title='Add to cart']' not visible after 10 seconds.</status>
</test>
<status status="FAIL" start="2025-04-24T15:37:09.722875" elapsed="24.261721"/>
</suite>
<status status="FAIL" start="2025-04-24T15:36:05.730798" elapsed="88.254801"/>
</suite>
<statistics>
<total>
<stat pass="5" fail="1" skip="0">All Tests</stat>
</total>
<tag>
<stat pass="0" fail="1" skip="0">compra</stat>
<stat pass="1" fail="0" skip="0">create_account</stat>
<stat pass="1" fail="0" skip="0">create_account_e-mail_invalido</stat>
<stat pass="1" fail="0" skip="0">login</stat>
<stat pass="1" fail="0" skip="0">login_senha_incorreta</stat>
<stat pass="1" fail="0" skip="0">validar_campos_obrigatorios</stat>
</tag>
<suite>
<stat name="Tests" id="s1" pass="5" fail="1" skip="0">Tests</stat>
<stat name="01 Create Account" id="s1-s1" pass="1" fail="0" skip="0">Tests.01 Create Account</stat>
<stat name="02 Login" id="s1-s2" pass="1" fail="0" skip="0">Tests.02 Login</stat>
<stat name="03 Create Account Email Invalido" id="s1-s3" pass="1" fail="0" skip="0">Tests.03 Create Account Email Invalido</stat>
<stat name="04 Account Validar Campos Obrigatorios" id="s1-s4" pass="1" fail="0" skip="0">Tests.04 Account Validar Campos Obrigatorios</stat>
<stat name="05 Login Senha Incorreta" id="s1-s5" pass="1" fail="0" skip="0">Tests.05 Login Senha Incorreta</stat>
<stat name="06 Compra" id="s1-s6" pass="0" fail="1" skip="0">Tests.06 Compra</stat>
</suite>
</statistics>
<errors>
</errors>
</robot>
