<?xml version="1.0" encoding="UTF-8"?>
<robot generator="Robot 7.2.2 (Python 3.11.3 on win32)" generated="2025-04-23T21:37:51.311270" rpa="false" schemaversion="5">
<suite id="s1" name="02 Login" source="C:\Users\LENOVO\Downloads\projeto_robotframework_fcamara\tests\02_login.robot">
<test id="s1-t1" name="Fazer login com sucesso" line="11">
<kw name="Abrir navegador" owner="browser_keywords" type="SETUP">
<kw name="Evaluate" owner="BuiltIn">
<msg time="2025-04-23T21:37:52.114096" level="INFO">${options} = &lt;selenium.webdriver.chrome.options.Options object at 0x000001DBE237B750&gt;</msg>
<var>${options}</var>
<arg>sys.modules['selenium.webdriver'].ChromeOptions()</arg>
<arg>sys</arg>
<doc>Evaluates the given expression in Python and returns the result.</doc>
<status status="PASS" start="2025-04-23T21:37:52.114096" elapsed="0.000000"/>
</kw>
<kw name="Call Method" owner="BuiltIn">
<arg>${options}</arg>
<arg>add_argument</arg>
<arg>--headless</arg>
<doc>Calls the named method of the given object with the provided arguments.</doc>
<status status="PASS" start="2025-04-23T21:37:52.115134" elapsed="0.000000"/>
</kw>
<kw name="Call Method" owner="BuiltIn">
<arg>${options}</arg>
<arg>add_argument</arg>
<arg>--no-sandbox</arg>
<doc>Calls the named method of the given object with the provided arguments.</doc>
<status status="PASS" start="2025-04-23T21:37:52.115134" elapsed="0.000000"/>
</kw>
<kw name="Call Method" owner="BuiltIn">
<arg>${options}</arg>
<arg>add_argument</arg>
<arg>--disable-dev-shm-usage</arg>
<doc>Calls the named method of the given object with the provided arguments.</doc>
<status status="PASS" start="2025-04-23T21:37:52.115134" elapsed="0.000000"/>
</kw>
<kw name="Call Method" owner="BuiltIn">
<arg>${options}</arg>
<arg>add_argument</arg>
<arg>--disable-gpu</arg>
<doc>Calls the named method of the given object with the provided arguments.</doc>
<status status="PASS" start="2025-04-23T21:37:52.115134" elapsed="0.001037"/>
</kw>
<kw name="Call Method" owner="BuiltIn">
<msg time="2025-04-23T21:37:52.116171" level="FAIL">Calling method 'add_argument' failed: TypeError: ArgOptions.add_argument() got an unexpected keyword argument '--window-size'</msg>
<arg>${options}</arg>
<arg>add_argument</arg>
<arg>--window-size=1920,1080</arg>
<doc>Calls the named method of the given object with the provided arguments.</doc>
<status status="FAIL" start="2025-04-23T21:37:52.116171" elapsed="0.000000">Calling method 'add_argument' failed: TypeError: ArgOptions.add_argument() got an unexpected keyword argument '--window-size'</status>
</kw>
<kw name="Create Webdriver" owner="SeleniumLibrary">
<arg>Chrome</arg>
<arg>options=${options}</arg>
<doc>Creates an instance of Selenium WebDriver.</doc>
<status status="NOT RUN" start="2025-04-23T21:37:52.116171" elapsed="0.000000"/>
</kw>
<kw name="Go To" owner="SeleniumLibrary">
<arg>${URL}</arg>
<doc>Navigates the current browser window to the provided ``url``.</doc>
<status status="NOT RUN" start="2025-04-23T21:37:52.117207" elapsed="0.000000"/>
</kw>
<status status="FAIL" start="2025-04-23T21:37:52.113056" elapsed="0.004151">Calling method 'add_argument' failed: TypeError: ArgOptions.add_argument() got an unexpected keyword argument '--window-size'</status>
</kw>
<kw name="Tirar evidência final" owner="browser_keywords" type="TEARDOWN">
<kw name="Capture Page Screenshot" owner="SeleniumLibrary">
<msg time="2025-04-23T21:37:52.117207" level="INFO">Cannot capture screenshot because no browser is open.</msg>
<doc>Takes a screenshot of the current page and embeds it into a log file.</doc>
<status status="PASS" start="2025-04-23T21:37:52.117207" elapsed="0.000000"/>
</kw>
<status status="PASS" start="2025-04-23T21:37:52.117207" elapsed="0.000000"/>
</kw>
<status status="FAIL" start="2025-04-23T21:37:52.111951" elapsed="0.005256">Setup failed:
Calling method 'add_argument' failed: TypeError: ArgOptions.add_argument() got an unexpected keyword argument '--window-size'</status>
</test>
<status status="FAIL" start="2025-04-23T21:37:51.312318" elapsed="0.807243"/>
</suite>
<statistics>
<total>
<stat pass="0" fail="1" skip="0">All Tests</stat>
</total>
<tag>
</tag>
<suite>
<stat name="02 Login" id="s1" pass="0" fail="1" skip="0">02 Login</stat>
</suite>
</statistics>
<errors>
</errors>
</robot>
