<?xml version="1.0" encoding="UTF-8"?>
<robot generator="Robot 7.2.2 (Python 3.11.3 on win32)" generated="2025-04-24T16:14:17.183090" rpa="false" schemaversion="5">
<suite id="s1" name="Tests" source="C:\Users\LENOVO\Downloads\projeto_robotframework_fcamara\tests">
<suite id="s1-s1" name="01 Create Account" source="C:\Users\LENOVO\Downloads\projeto_robotframework_fcamara\tests\01_create_account.robot">
<test id="s1-s1-t1" name="Criar conta com sucesso" line="11">
<kw name="Abrir navegador" owner="browser_keywords" type="SETUP">
<kw name="Open Browser" owner="SeleniumLibrary">
<msg time="2025-04-24T16:14:18.060850" level="INFO">Opening browser 'chrome' to base url 'http://www.automationpractice.pl/index.php'.</msg>
<arg>${URL}</arg>
<arg>${BROWSER}</arg>
<doc>Opens a new browser instance to the optional ``url``.</doc>
<status status="PASS" start="2025-04-24T16:14:18.060850" elapsed="7.917179"/>
</kw>
<kw name="Maximize Browser Window" owner="SeleniumLibrary">
<doc>Maximizes current browser window.</doc>
<status status="PASS" start="2025-04-24T16:14:25.980427" elapsed="0.077651"/>
</kw>
<status status="PASS" start="2025-04-24T16:14:18.059844" elapsed="7.998234"/>
</kw>
<kw name="Acessar página de criação de conta" owner="account_keywords">
<kw name="Click Element" owner="SeleniumLibrary">
<msg time="2025-04-24T16:14:26.061250" level="INFO">Clicking element 'xpath=//a[@class='login']'.</msg>
<arg>xpath=//a[@class='login']</arg>
<doc>Click the element identified by ``locator``.</doc>
<status status="PASS" start="2025-04-24T16:14:26.060130" elapsed="1.278469"/>
</kw>
<kw name="Safe Email" owner="FakerLibrary">
<msg time="2025-04-24T16:14:27.340186" level="INFO">${email} = michelleroberts@example.org</msg>
<var>${email}</var>
<status status="PASS" start="2025-04-24T16:14:27.338599" elapsed="0.001587"/>
</kw>
<kw name="Input Text" owner="SeleniumLibrary">
<msg time="2025-04-24T16:14:27.340186" level="INFO">Typing text 'michelleroberts@example.org' into text field 'id=email_create'.</msg>
<arg>id=email_create</arg>
<arg>${email}</arg>
<doc>Types the given ``text`` into the text field identified by ``locator``.</doc>
<status status="PASS" start="2025-04-24T16:14:27.340186" elapsed="0.234085"/>
</kw>
<kw name="Click Element" owner="SeleniumLibrary">
<msg time="2025-04-24T16:14:27.574271" level="INFO">Clicking element 'id=SubmitCreate'.</msg>
<arg>id=SubmitCreate</arg>
<doc>Click the element identified by ``locator``.</doc>
<status status="PASS" start="2025-04-24T16:14:27.574271" elapsed="0.115564"/>
</kw>
<kw name="Wait Until Page Contains Element" owner="SeleniumLibrary">
<arg>id=customer_firstname</arg>
<arg>10s</arg>
<doc>Waits until the element ``locator`` appears on the current page.</doc>
<status status="PASS" start="2025-04-24T16:14:27.689835" elapsed="1.080748"/>
</kw>
<kw name="Set Suite Variable" owner="BuiltIn">
<msg time="2025-04-24T16:14:28.771670" level="INFO">${email} = michelleroberts@example.org</msg>
<arg>${email}</arg>
<doc>Makes a variable available everywhere within the scope of the current suite.</doc>
<status status="PASS" start="2025-04-24T16:14:28.771670" elapsed="0.000000"/>
</kw>
<status status="PASS" start="2025-04-24T16:14:26.060130" elapsed="2.711540"/>
</kw>
<kw name="Preencher dados do usuário" owner="account_keywords">
<kw name="Wait Until Element Is Visible" owner="SeleniumLibrary">
<arg>id=customer_firstname</arg>
<arg>10s</arg>
<doc>Waits until the element ``locator`` is visible.</doc>
<status status="PASS" start="2025-04-24T16:14:28.772717" elapsed="0.030130"/>
</kw>
<kw name="Click Element" owner="SeleniumLibrary">
<msg time="2025-04-24T16:14:28.804354" level="INFO">Clicking element 'id=id_gender1'.</msg>
<arg>id=id_gender1</arg>
<doc>Click the element identified by ``locator``.</doc>
<status status="PASS" start="2025-04-24T16:14:28.802847" elapsed="0.109518"/>
</kw>
<kw name="Input Text" owner="SeleniumLibrary">
<msg time="2025-04-24T16:14:28.913402" level="INFO">Typing text 'QA' into text field 'id=customer_firstname'.</msg>
<arg>id=customer_firstname</arg>
<arg>QA</arg>
<doc>Types the given ``text`` into the text field identified by ``locator``.</doc>
<status status="PASS" start="2025-04-24T16:14:28.912365" elapsed="0.126111"/>
</kw>
<kw name="Input Text" owner="SeleniumLibrary">
<msg time="2025-04-24T16:14:29.039489" level="INFO">Typing text 'Test' into text field 'id=customer_lastname'.</msg>
<arg>id=customer_lastname</arg>
<arg>Test</arg>
<doc>Types the given ``text`` into the text field identified by ``locator``.</doc>
<status status="PASS" start="2025-04-24T16:14:29.039489" elapsed="0.155688"/>
</kw>
<kw name="Input Text" owner="SeleniumLibrary">
<msg time="2025-04-24T16:14:29.195177" level="INFO">Typing text '123456' into text field 'id=passwd'.</msg>
<arg>id=passwd</arg>
<arg>123456</arg>
<doc>Types the given ``text`` into the text field identified by ``locator``.</doc>
<status status="PASS" start="2025-04-24T16:14:29.195177" elapsed="0.195923"/>
</kw>
<kw name="Select From List By Value" owner="SeleniumLibrary">
<msg time="2025-04-24T16:14:29.391100" level="INFO">Selecting options from selection list 'id=days' by value 1.</msg>
<arg>id=days</arg>
<arg>1</arg>
<doc>Selects options from selection list ``locator`` by ``values``.</doc>
<status status="PASS" start="2025-04-24T16:14:29.391100" elapsed="0.126892"/>
</kw>
<kw name="Select From List By Value" owner="SeleniumLibrary">
<msg time="2025-04-24T16:14:29.517992" level="INFO">Selecting options from selection list 'id=months' by value 1.</msg>
<arg>id=months</arg>
<arg>1</arg>
<doc>Selects options from selection list ``locator`` by ``values``.</doc>
<status status="PASS" start="2025-04-24T16:14:29.517992" elapsed="0.099967"/>
</kw>
<kw name="Select From List By Value" owner="SeleniumLibrary">
<msg time="2025-04-24T16:14:29.618955" level="INFO">Selecting options from selection list 'id=years' by value 2000.</msg>
<arg>id=years</arg>
<arg>2000</arg>
<doc>Selects options from selection list ``locator`` by ``values``.</doc>
<status status="PASS" start="2025-04-24T16:14:29.618955" elapsed="0.087757"/>
</kw>
<kw name="Click Element" owner="SeleniumLibrary">
<msg time="2025-04-24T16:14:29.706712" level="INFO">Clicking element 'id=newsletter'.</msg>
<arg>id=newsletter</arg>
<doc>Click the element identified by ``locator``.</doc>
<status status="PASS" start="2025-04-24T16:14:29.706712" elapsed="0.109041"/>
</kw>
<status status="PASS" start="2025-04-24T16:14:28.771670" elapsed="1.044083"/>
</kw>
<kw name="Submeter formulário" owner="account_keywords">
<kw name="Wait Until Element Is Visible" owner="SeleniumLibrary">
<arg>id=submitAccount</arg>
<arg>10s</arg>
<doc>Waits until the element ``locator`` is visible.</doc>
<status status="PASS" start="2025-04-24T16:14:29.816919" elapsed="0.045099"/>
</kw>
<kw name="Click Element" owner="SeleniumLibrary">
<msg time="2025-04-24T16:14:29.863014" level="INFO">Clicking element 'id=submitAccount'.</msg>
<arg>id=submitAccount</arg>
<doc>Click the element identified by ``locator``.</doc>
<status status="PASS" start="2025-04-24T16:14:29.863014" elapsed="1.492480"/>
</kw>
<status status="PASS" start="2025-04-24T16:14:29.816919" elapsed="1.538575"/>
</kw>
<kw name="Verificar criação com sucesso" owner="account_keywords">
<kw name="Wait Until Page Contains Element" owner="SeleniumLibrary">
<arg>xpath=//a[@class='logout']</arg>
<arg>15s</arg>
<doc>Waits until the element ``locator`` appears on the current page.</doc>
<status status="PASS" start="2025-04-24T16:14:31.356504" elapsed="0.020060"/>
</kw>
<kw name="Wait Until Element Is Visible" owner="SeleniumLibrary">
<arg>css=.alert.alert-success</arg>
<arg>10s</arg>
<doc>Waits until the element ``locator`` is visible.</doc>
<status status="PASS" start="2025-04-24T16:14:31.377573" elapsed="0.026892"/>
</kw>
<kw name="Element Text Should Be" owner="SeleniumLibrary">
<msg time="2025-04-24T16:14:31.404465" level="INFO">Verifying element 'css=.alert.alert-success' contains exact text 'Your account has been created.'.</msg>
<arg>css=.alert.alert-success</arg>
<arg>Your account has been created.</arg>
<doc>Verifies that element ``locator`` contains exact the text ``expected``.</doc>
<status status="PASS" start="2025-04-24T16:14:31.404465" elapsed="0.025975"/>
</kw>
<status status="PASS" start="2025-04-24T16:14:31.356504" elapsed="0.073936"/>
</kw>
<kw name="Tirar evidência final" owner="browser_keywords" type="TEARDOWN">
<kw name="Capture Page Screenshot" owner="SeleniumLibrary">
<msg time="2025-04-24T16:14:31.637138" level="INFO" html="true">&lt;/td&gt;&lt;/tr&gt;&lt;tr&gt;&lt;td colspan="3"&gt;&lt;a href="selenium-screenshot-293.png"&gt;&lt;img src="selenium-screenshot-293.png" width="800px"&gt;&lt;/a&gt;</msg>
<doc>Takes a screenshot of the current page and embeds it into a log file.</doc>
<status status="PASS" start="2025-04-24T16:14:31.434960" elapsed="0.203260"/>
</kw>
<status status="PASS" start="2025-04-24T16:14:31.431440" elapsed="0.206780"/>
</kw>
<tag>create_account</tag>
<status status="PASS" start="2025-04-24T16:14:18.058832" elapsed="13.579388"/>
</test>
<status status="PASS" start="2025-04-24T16:14:17.212066" elapsed="14.427178"/>
</suite>
<suite id="s1-s2" name="02 Login" source="C:\Users\LENOVO\Downloads\projeto_robotframework_fcamara\tests\02_login.robot">
<test id="s1-s2-t1" name="Fazer login com sucesso" line="11">
<kw name="Abrir navegador" owner="browser_keywords" type="SETUP">
<kw name="Open Browser" owner="SeleniumLibrary">
<msg time="2025-04-24T16:14:31.658833" level="INFO">Opening browser 'chrome' to base url 'http://www.automationpractice.pl/index.php'.</msg>
<arg>${URL}</arg>
<arg>${BROWSER}</arg>
<doc>Opens a new browser instance to the optional ``url``.</doc>
<status status="PASS" start="2025-04-24T16:14:31.658833" elapsed="7.211957"/>
</kw>
<kw name="Maximize Browser Window" owner="SeleniumLibrary">
<doc>Maximizes current browser window.</doc>
<status status="PASS" start="2025-04-24T16:14:38.871927" elapsed="0.071517"/>
</kw>
<status status="PASS" start="2025-04-24T16:14:31.657825" elapsed="7.285619"/>
</kw>
<kw name="Fazer login" owner="login_keywords">
<kw name="Click Element" owner="SeleniumLibrary">
<msg time="2025-04-24T16:14:38.946160" level="INFO">Clicking element 'xpath=//a[@class='login']'.</msg>
<arg>xpath=//a[@class='login']</arg>
<doc>Click the element identified by ``locator``.</doc>
<status status="PASS" start="2025-04-24T16:14:38.944443" elapsed="1.263943"/>
</kw>
<kw name="Input Text" owner="SeleniumLibrary">
<msg time="2025-04-24T16:14:40.210375" level="INFO">Typing text 'teste@example.com' into text field 'id=email'.</msg>
<arg>id=email</arg>
<arg>${EMAIL}</arg>
<doc>Types the given ``text`` into the text field identified by ``locator``.</doc>
<status status="PASS" start="2025-04-24T16:14:40.209377" elapsed="0.225319"/>
</kw>
<kw name="Input Text" owner="SeleniumLibrary">
<msg time="2025-04-24T16:14:40.435701" level="INFO">Typing text '654321' into text field 'id=passwd'.</msg>
<arg>id=passwd</arg>
<arg>${SENHA}</arg>
<doc>Types the given ``text`` into the text field identified by ``locator``.</doc>
<status status="PASS" start="2025-04-24T16:14:40.434696" elapsed="0.118449"/>
</kw>
<kw name="Click Button" owner="SeleniumLibrary">
<msg time="2025-04-24T16:14:40.554647" level="INFO">Clicking button 'id=SubmitLogin'.</msg>
<arg>id=SubmitLogin</arg>
<doc>Clicks the button identified by ``locator``.</doc>
<status status="PASS" start="2025-04-24T16:14:40.554141" elapsed="1.158016"/>
</kw>
<kw name="Wait Until Page Contains Element" owner="SeleniumLibrary">
<arg>xpath=//a[@class='logout']</arg>
<arg>timeout=10s</arg>
<doc>Waits until the element ``locator`` appears on the current page.</doc>
<status status="PASS" start="2025-04-24T16:14:41.712157" elapsed="0.015338"/>
</kw>
<status status="PASS" start="2025-04-24T16:14:38.944443" elapsed="2.783052"/>
</kw>
<kw name="Tirar evidência final" owner="browser_keywords" type="TEARDOWN">
<kw name="Capture Page Screenshot" owner="SeleniumLibrary">
<msg time="2025-04-24T16:14:41.960001" level="INFO" html="true">&lt;/td&gt;&lt;/tr&gt;&lt;tr&gt;&lt;td colspan="3"&gt;&lt;a href="selenium-screenshot-294.png"&gt;&lt;img src="selenium-screenshot-294.png" width="800px"&gt;&lt;/a&gt;</msg>
<doc>Takes a screenshot of the current page and embeds it into a log file.</doc>
<status status="PASS" start="2025-04-24T16:14:41.728506" elapsed="0.231495"/>
</kw>
<status status="PASS" start="2025-04-24T16:14:41.728506" elapsed="0.233003"/>
</kw>
<tag>login</tag>
<status status="PASS" start="2025-04-24T16:14:31.656380" elapsed="10.305129"/>
</test>
<status status="PASS" start="2025-04-24T16:14:31.640280" elapsed="10.322366"/>
</suite>
<suite id="s1-s3" name="03 Create Account Email Invalido" source="C:\Users\LENOVO\Downloads\projeto_robotframework_fcamara\tests\03_create_account_email_invalido.robot">
<kw name="Abrir navegador" owner="browser_keywords" type="SETUP">
<kw name="Open Browser" owner="SeleniumLibrary">
<msg time="2025-04-24T16:14:41.979041" level="INFO">Opening browser 'chrome' to base url 'http://www.automationpractice.pl/index.php'.</msg>
<arg>${URL}</arg>
<arg>${BROWSER}</arg>
<doc>Opens a new browser instance to the optional ``url``.</doc>
<status status="PASS" start="2025-04-24T16:14:41.979041" elapsed="7.503480"/>
</kw>
<kw name="Maximize Browser Window" owner="SeleniumLibrary">
<doc>Maximizes current browser window.</doc>
<status status="PASS" start="2025-04-24T16:14:49.484175" elapsed="0.093547"/>
</kw>
<status status="PASS" start="2025-04-24T16:14:41.977523" elapsed="7.600199"/>
</kw>
<test id="s1-s3-t1" name="Validar mensagem para e-mail inválido" line="11">
<kw name="Validar mensagem de e-mail inválido" owner="account_keywords">
<kw name="Click Element" owner="SeleniumLibrary">
<msg time="2025-04-24T16:14:49.580094" level="INFO">Clicking element 'xpath=//a[@class='login']'.</msg>
<arg>xpath=//a[@class='login']</arg>
<doc>Click the element identified by ``locator``.</doc>
<status status="PASS" start="2025-04-24T16:14:49.579052" elapsed="1.371312"/>
</kw>
<kw name="Input Text" owner="SeleniumLibrary">
<msg time="2025-04-24T16:14:50.951401" level="INFO">Typing text 'isaqueantunes+hotmail.com' into text field 'id=email_create'.</msg>
<arg>id=email_create</arg>
<arg>${email_invalido}</arg>
<doc>Types the given ``text`` into the text field identified by ``locator``.</doc>
<status status="PASS" start="2025-04-24T16:14:50.950364" elapsed="0.226136"/>
</kw>
<kw name="Click Element" owner="SeleniumLibrary">
<msg time="2025-04-24T16:14:51.176500" level="INFO">Clicking element 'id=SubmitCreate'.</msg>
<arg>id=SubmitCreate</arg>
<doc>Click the element identified by ``locator``.</doc>
<status status="PASS" start="2025-04-24T16:14:51.176500" elapsed="0.102415"/>
</kw>
<kw name="Wait Until Element Is Visible" owner="SeleniumLibrary">
<arg>xpath=//div[@id="create_account_error"]//li</arg>
<arg>10s</arg>
<doc>Waits until the element ``locator`` is visible.</doc>
<status status="PASS" start="2025-04-24T16:14:51.278915" elapsed="0.468769"/>
</kw>
<kw name="Element Text Should Be" owner="SeleniumLibrary">
<msg time="2025-04-24T16:14:51.748770" level="INFO">Verifying element 'xpath=//div[@id="create_account_error"]//li' contains exact text 'Invalid email address.'.</msg>
<arg>xpath=//div[@id="create_account_error"]//li</arg>
<arg>Invalid email address.</arg>
<doc>Verifies that element ``locator`` contains exact the text ``expected``.</doc>
<status status="PASS" start="2025-04-24T16:14:51.747684" elapsed="0.032369"/>
</kw>
<arg>isaqueantunes+hotmail.com</arg>
<status status="PASS" start="2025-04-24T16:14:49.579052" elapsed="2.201001"/>
</kw>
<kw name="Tirar evidência final" owner="browser_keywords" type="TEARDOWN">
<kw name="Capture Page Screenshot" owner="SeleniumLibrary">
<msg time="2025-04-24T16:14:51.922345" level="INFO" html="true">&lt;/td&gt;&lt;/tr&gt;&lt;tr&gt;&lt;td colspan="3"&gt;&lt;a href="selenium-screenshot-295.png"&gt;&lt;img src="selenium-screenshot-295.png" width="800px"&gt;&lt;/a&gt;</msg>
<doc>Takes a screenshot of the current page and embeds it into a log file.</doc>
<status status="PASS" start="2025-04-24T16:14:51.781087" elapsed="0.141258"/>
</kw>
<status status="PASS" start="2025-04-24T16:14:51.781087" elapsed="0.141258"/>
</kw>
<tag>create_account_e-mail_invalido</tag>
<status status="PASS" start="2025-04-24T16:14:49.577722" elapsed="2.345625"/>
</test>
<status status="PASS" start="2025-04-24T16:14:41.962646" elapsed="9.961694"/>
</suite>
<suite id="s1-s4" name="04 Account Validar Campos Obrigatorios" source="C:\Users\LENOVO\Downloads\projeto_robotframework_fcamara\tests\04_account_validar_campos_obrigatorios.robot">
<test id="s1-s4-t1" name="Validar campos obrigatórios na criação de conta" line="8">
<kw name="Abrir navegador" owner="browser_keywords">
<kw name="Open Browser" owner="SeleniumLibrary">
<msg time="2025-04-24T16:14:51.936841" level="INFO">Opening browser 'chrome' to base url 'http://www.automationpractice.pl/index.php'.</msg>
<arg>${URL}</arg>
<arg>${BROWSER}</arg>
<doc>Opens a new browser instance to the optional ``url``.</doc>
<status status="PASS" start="2025-04-24T16:14:51.935840" elapsed="7.794166"/>
</kw>
<kw name="Maximize Browser Window" owner="SeleniumLibrary">
<doc>Maximizes current browser window.</doc>
<status status="PASS" start="2025-04-24T16:14:59.731363" elapsed="0.063131"/>
</kw>
<status status="PASS" start="2025-04-24T16:14:51.935840" elapsed="7.858654"/>
</kw>
<kw name="Clicar em Sign In" owner="email_validation_keywords">
<kw name="Click Element" owner="SeleniumLibrary">
<msg time="2025-04-24T16:14:59.796550" level="INFO">Clicking element 'xpath=//a[@class='login']'.</msg>
<arg>xpath=//a[@class='login']</arg>
<doc>Click the element identified by ``locator``.</doc>
<status status="PASS" start="2025-04-24T16:14:59.796550" elapsed="1.304092"/>
</kw>
<status status="PASS" start="2025-04-24T16:14:59.795545" elapsed="1.305097"/>
</kw>
<kw name="Preencher e-mail válido" owner="email_validation_keywords">
<kw name="Input Text" owner="SeleniumLibrary">
<msg time="2025-04-24T16:15:01.101716" level="INFO">Typing text 'wikoge3818@f5url.com' into text field 'id=email_create'.</msg>
<arg>id=email_create</arg>
<arg>wikoge3818@f5url.com</arg>
<doc>Types the given ``text`` into the text field identified by ``locator``.</doc>
<status status="PASS" start="2025-04-24T16:15:01.101716" elapsed="0.324956"/>
</kw>
<status status="PASS" start="2025-04-24T16:15:01.100642" elapsed="0.326030"/>
</kw>
<kw name="Clicar no botão Create an Account" owner="email_validation_keywords">
<kw name="Wait Until Element Is Visible" owner="SeleniumLibrary">
<arg>id=SubmitCreate</arg>
<arg>timeout=5s</arg>
<doc>Waits until the element ``locator`` is visible.</doc>
<status status="PASS" start="2025-04-24T16:15:01.429262" elapsed="0.033445"/>
</kw>
<kw name="Click Button" owner="SeleniumLibrary">
<msg time="2025-04-24T16:15:01.462707" level="INFO">Clicking button 'id=SubmitCreate'.</msg>
<arg>id=SubmitCreate</arg>
<doc>Clicks the button identified by ``locator``.</doc>
<status status="PASS" start="2025-04-24T16:15:01.462707" elapsed="0.105670"/>
</kw>
<status status="PASS" start="2025-04-24T16:15:01.428135" elapsed="0.140242"/>
</kw>
<kw name="Limpar campo de e-mail na tela de cadastro" owner="email_validation_keywords">
<kw name="Click Button" owner="SeleniumLibrary">
<msg time="2025-04-24T16:15:01.570786" level="INFO">Clicking button 'id=SubmitCreate'.</msg>
<arg>id=SubmitCreate</arg>
<doc>Clicks the button identified by ``locator``.</doc>
<status status="PASS" start="2025-04-24T16:15:01.569736" elapsed="0.100232"/>
</kw>
<kw name="Wait Until Element Is Visible" owner="SeleniumLibrary">
<arg>id=customer_firstname</arg>
<arg>10s</arg>
<doc>Waits until the element ``locator`` is visible.</doc>
<status status="PASS" start="2025-04-24T16:15:01.669968" elapsed="1.082487"/>
</kw>
<kw name="Click Element" owner="SeleniumLibrary">
<msg time="2025-04-24T16:15:02.753475" level="INFO">Clicking element 'id=id_gender2'.</msg>
<arg>id=id_gender2</arg>
<doc>Click the element identified by ``locator``.</doc>
<status status="PASS" start="2025-04-24T16:15:02.752455" elapsed="0.102356"/>
</kw>
<kw name="Input Text" owner="SeleniumLibrary">
<msg time="2025-04-24T16:15:02.855320" level="INFO">Typing text 'wikoge3818@f5url.com' into text field 'id=email'.</msg>
<msg time="2025-04-24T16:15:03.228556" level="INFO" html="true">&lt;/td&gt;&lt;/tr&gt;&lt;tr&gt;&lt;td colspan="3"&gt;&lt;a href="selenium-screenshot-296.png"&gt;&lt;img src="selenium-screenshot-296.png" width="800px"&gt;&lt;/a&gt;</msg>
<msg time="2025-04-24T16:15:03.228556" level="FAIL">StaleElementReferenceException: Message: stale element reference: stale element not found in the current frame
  (Session info: chrome=135.0.7049.42); For documentation on this error, please visit: https://www.selenium.dev/documentation/webdriver/troubleshooting/errors#stale-element-reference-exception
Stacktrace:
	GetHandleVerifier [0x00007FF7B3E5EFA5+77893]
	GetHandleVerifier [0x00007FF7B3E5F000+77984]
	(No symbol) [0x00007FF7B3C291BA]
	(No symbol) [0x00007FF7B3C30AEC]
	(No symbol) [0x00007FF7B3C33B5C]
	(No symbol) [0x00007FF7B3C33C2F]
	(No symbol) [0x00007FF7B3C74F97]
	(No symbol) [0x00007FF7B3CA712A]
	(No symbol) [0x00007FF7B3C719E6]
	(No symbol) [0x00007FF7B3CA7340]
	(No symbol) [0x00007FF7B3CCF07F]
	(No symbol) [0x00007FF7B3CA6F03]
	(No symbol) [0x00007FF7B3C70328]
	(No symbol) [0x00007FF7B3C71093]
	GetHandleVerifier [0x00007FF7B4117B6D+2931725]
	GetHandleVerifier [0x00007FF7B4112132+2908626]
	GetHandleVerifier [0x00007FF7B41300F3+3031443]
	GetHandleVerifier [0x00007FF7B3E791EA+184970]
	GetHandleVerifier [0x00007FF7B3E8086F+215311]
	GetHandleVerifier [0x00007FF7B3E66EC4+110436]
	GetHandleVerifier [0x00007FF7B3E67072+110866]
	GetHandleVerifier [0x00007FF7B3E4D479+5401]
	BaseThreadInitThunk [0x00007FFAE912E8D7+23]
	RtlUserThreadStart [0x00007FFAE9CF14FC+44]
</msg>
<arg>id=email</arg>
<arg>wikoge3818@f5url.com</arg>
<doc>Types the given ``text`` into the text field identified by ``locator``.</doc>
<status status="FAIL" start="2025-04-24T16:15:02.855320" elapsed="0.380519">StaleElementReferenceException: Message: stale element reference: stale element not found in the current frame
  (Session info: chrome=135.0.7049.42); For documentation on this error, please visit: https://www.selenium.dev/documentation/webdriver/troubleshooting/errors#stale-element-reference-exception
Stacktrace:
	GetHandleVerifier [0x00007FF7B3E5EFA5+77893]
	GetHandleVerifier [0x00007FF7B3E5F000+77984]
	(No symbol) [0x00007FF7B3C291BA]
	(No symbol) [0x00007FF7B3C30AEC]
	(No symbol) [0x00007FF7B3C33B5C]
	(No symbol) [0x00007FF7B3C33C2F]
	(No symbol) [0x00007FF7B3C74F97]
	(No symbol) [0x00007FF7B3CA712A]
	(No symbol) [0x00007FF7B3C719E6]
	(No symbol) [0x00007FF7B3CA7340]
	(No symbol) [0x00007FF7B3CCF07F]
	(No symbol) [0x00007FF7B3CA6F03]
	(No symbol) [0x00007FF7B3C70328]
	(No symbol) [0x00007FF7B3C71093]
	GetHandleVerifier [0x00007FF7B4117B6D+2931725]
	GetHandleVerifier [0x00007FF7B4112132+2908626]
	GetHandleVerifier [0x00007FF7B41300F3+3031443]
	GetHandleVerifier [0x00007FF7B3E791EA+184970]
	GetHandleVerifier [0x00007FF7B3E8086F+215311]
	GetHandleVerifier [0x00007FF7B3E66EC4+110436]
	GetHandleVerifier [0x00007FF7B3E67072+110866]
	GetHandleVerifier [0x00007FF7B3E4D479+5401]
	BaseThreadInitThunk [0x00007FFAE912E8D7+23]
	RtlUserThreadStart [0x00007FFAE9CF14FC+44]
</status>
</kw>
<kw name="Clear Element Text" owner="SeleniumLibrary">
<arg>id=email</arg>
<doc>Clears the value of the text-input-element identified by ``locator``.</doc>
<status status="NOT RUN" start="2025-04-24T16:15:03.236865" elapsed="0.000000"/>
</kw>
<status status="FAIL" start="2025-04-24T16:15:01.569736" elapsed="1.667129">StaleElementReferenceException: Message: stale element reference: stale element not found in the current frame
  (Session info: chrome=135.0.7049.42); For documentation on this error, please visit: https://www.selenium.dev/documentation/webdriver/troubleshooting/errors#stale-element-reference-exception
Stacktrace:
	GetHandleVerifier [0x00007FF7B3E5EFA5+77893]
	GetHandleVerifier [0x00007FF7B3E5F000+77984]
	(No symbol) [0x00007FF7B3C291BA]
	(No symbol) [0x00007FF7B3C30AEC]
	(No symbol) [0x00007FF7B3C33B5C]
	(No symbol) [0x00007FF7B3C33C2F]
	(No symbol) [0x00007FF7B3C74F97]
	(No symbol) [0x00007FF7B3CA712A]
	(No symbol) [0x00007FF7B3C719E6]
	(No symbol) [0x00007FF7B3CA7340]
	(No symbol) [0x00007FF7B3CCF07F]
	(No symbol) [0x00007FF7B3CA6F03]
	(No symbol) [0x00007FF7B3C70328]
	(No symbol) [0x00007FF7B3C71093]
	GetHandleVerifier [0x00007FF7B4117B6D+2931725]
	GetHandleVerifier [0x00007FF7B4112132+2908626]
	GetHandleVerifier [0x00007FF7B41300F3+3031443]
	GetHandleVerifier [0x00007FF7B3E791EA+184970]
	GetHandleVerifier [0x00007FF7B3E8086F+215311]
	GetHandleVerifier [0x00007FF7B3E66EC4+110436]
	GetHandleVerifier [0x00007FF7B3E67072+110866]
	GetHandleVerifier [0x00007FF7B3E4D479+5401]
	BaseThreadInitThunk [0x00007FFAE912E8D7+23]
	RtlUserThreadStart [0x00007FFAE9CF14FC+44]
</status>
</kw>
<kw name="Clicar em Register" owner="email_validation_keywords">
<status status="NOT RUN" start="2025-04-24T16:15:03.236865" elapsed="0.001046"/>
</kw>
<kw name="Validar mensagens de campos obrigatórios" owner="email_validation_keywords">
<status status="NOT RUN" start="2025-04-24T16:15:03.237911" elapsed="0.000000"/>
</kw>
<kw name="Tirar evidência final" owner="browser_keywords">
<status status="NOT RUN" start="2025-04-24T16:15:03.237911" elapsed="0.000000"/>
</kw>
<kw name="Fechar navegador" owner="browser_keywords">
<status status="NOT RUN" start="2025-04-24T16:15:03.237911" elapsed="0.000000"/>
</kw>
<tag>validar_campos_obrigatorios</tag>
<status status="FAIL" start="2025-04-24T16:14:51.934838" elapsed="11.304135">StaleElementReferenceException: Message: stale element reference: stale element not found in the current frame
  (Session info: chrome=135.0.7049.42); For documentation on this error, please visit: https://www.selenium.dev/documentation/webdriver/troubleshooting/errors#stale-element-reference-exception
Stacktrace:
	GetHandleVerifier [0x00007FF7B3E5EFA5+77893]
	GetHandleVerifier [0x00007FF7B3E5F000+77984]
	(No symbol) [0x00007FF7B3C291BA]
	(No symbol) [0x00007FF7B3C30AEC]
	(No symbol) [0x00007FF7B3C33B5C]
	(No symbol) [0x00007FF7B3C33C2F]
	(No symbol) [0x00007FF7B3C74F97]
	(No symbol) [0x00007FF7B3CA712A]
	(No symbol) [0x00007FF7B3C719E6]
	(No symbol) [0x00007FF7B3CA7340]
	(No symbol) [0x00007FF7B3CCF07F]
	(No symbol) [0x00007FF7B3CA6F03]
	(No symbol) [0x00007FF7B3C70328]
	(No symbol) [0x00007FF7B3C71093]
	GetHandleVerifier [0x00007FF7B4117B6D+2931725]
	GetHandleVerifier [0x00007FF7B4112132+2908626]
	GetHandleVerifier [0x00007FF7B41300F3+3031443]
	GetHandleVerifier [0x00007FF7B3E791EA+184970]
	GetHandleVerifier [0x00007FF7B3E8086F+215311]
	GetHandleVerifier [0x00007FF7B3E66EC4+110436]
	GetHandleVerifier [0x00007FF7B3E67072+110866]
	GetHandleVerifier [0x00007FF7B3E4D479+5401]
	BaseThreadInitThunk [0x00007FFAE912E8D7+23]
	RtlUserThreadStart [0x00007FFAE9CF14FC+44]
</status>
</test>
<status status="FAIL" start="2025-04-24T16:14:51.924845" elapsed="11.314128"/>
</suite>
<suite id="s1-s5" name="05 Login Senha Incorreta" source="C:\Users\LENOVO\Downloads\projeto_robotframework_fcamara\tests\05_login_senha_incorreta.robot">
<test id="s1-s5-t1" name="Validar mensagem ao logar com senha incorreta" line="10">
<kw name="Abrir navegador" owner="browser_keywords">
<kw name="Open Browser" owner="SeleniumLibrary">
<msg time="2025-04-24T16:15:03.262301" level="INFO">Opening browser 'chrome' to base url 'http://www.automationpractice.pl/index.php'.</msg>
<arg>${URL}</arg>
<arg>${BROWSER}</arg>
<doc>Opens a new browser instance to the optional ``url``.</doc>
<status status="PASS" start="2025-04-24T16:15:03.262301" elapsed="7.776453"/>
</kw>
<kw name="Maximize Browser Window" owner="SeleniumLibrary">
<doc>Maximizes current browser window.</doc>
<status status="PASS" start="2025-04-24T16:15:11.041116" elapsed="0.060332"/>
</kw>
<status status="PASS" start="2025-04-24T16:15:03.261201" elapsed="7.840247"/>
</kw>
<kw name="Validar login com senha inválida" owner="login_keywords">
<kw name="Click Element" owner="SeleniumLibrary">
<msg time="2025-04-24T16:15:11.102844" level="INFO">Clicking element 'css=a.login'.</msg>
<arg>css=a.login</arg>
<doc>Click the element identified by ``locator``.</doc>
<status status="PASS" start="2025-04-24T16:15:11.101448" elapsed="1.325238"/>
</kw>
<kw name="Input Text" owner="SeleniumLibrary">
<msg time="2025-04-24T16:15:12.427686" level="INFO">Typing text 'qa@hotmail.com' into text field 'id=email'.</msg>
<arg>id=email</arg>
<arg>qa@hotmail.com</arg>
<doc>Types the given ``text`` into the text field identified by ``locator``.</doc>
<status status="PASS" start="2025-04-24T16:15:12.427686" elapsed="0.194307"/>
</kw>
<kw name="Input Text" owner="SeleniumLibrary">
<msg time="2025-04-24T16:15:12.623147" level="INFO">Typing text 'x' into text field 'id=passwd'.</msg>
<arg>id=passwd</arg>
<arg>x</arg>
<doc>Types the given ``text`` into the text field identified by ``locator``.</doc>
<status status="PASS" start="2025-04-24T16:15:12.623147" elapsed="0.112535"/>
</kw>
<kw name="Click Button" owner="SeleniumLibrary">
<msg time="2025-04-24T16:15:12.737117" level="INFO">Clicking button 'id=SubmitLogin'.</msg>
<arg>id=SubmitLogin</arg>
<doc>Clicks the button identified by ``locator``.</doc>
<status status="PASS" start="2025-04-24T16:15:12.735682" elapsed="0.591611"/>
</kw>
<kw name="Wait Until Element Is Visible" owner="SeleniumLibrary">
<arg>css=.alert.alert-danger</arg>
<arg>timeout=10s</arg>
<doc>Waits until the element ``locator`` is visible.</doc>
<status status="PASS" start="2025-04-24T16:15:13.328518" elapsed="0.133456"/>
</kw>
<kw name="Element Should Contain" owner="SeleniumLibrary">
<msg time="2025-04-24T16:15:13.488396" level="INFO">Element 'css=.alert.alert-danger' contains text 'Invalid password.'.</msg>
<arg>css=.alert.alert-danger</arg>
<arg>Invalid password.</arg>
<doc>Verifies that element ``locator`` contains text ``expected``.</doc>
<status status="PASS" start="2025-04-24T16:15:13.462994" elapsed="0.025402"/>
</kw>
<status status="PASS" start="2025-04-24T16:15:11.101448" elapsed="2.387956"/>
</kw>
<kw name="Tirar evidência final" owner="browser_keywords" type="TEARDOWN">
<kw name="Capture Page Screenshot" owner="SeleniumLibrary">
<msg time="2025-04-24T16:15:13.744505" level="INFO" html="true">&lt;/td&gt;&lt;/tr&gt;&lt;tr&gt;&lt;td colspan="3"&gt;&lt;a href="selenium-screenshot-297.png"&gt;&lt;img src="selenium-screenshot-297.png" width="800px"&gt;&lt;/a&gt;</msg>
<doc>Takes a screenshot of the current page and embeds it into a log file.</doc>
<status status="PASS" start="2025-04-24T16:15:13.490433" elapsed="0.255104"/>
</kw>
<status status="PASS" start="2025-04-24T16:15:13.489404" elapsed="0.256133"/>
</kw>
<tag>login_senha_incorreta</tag>
<status status="PASS" start="2025-04-24T16:15:03.256830" elapsed="10.488707"/>
</test>
<status status="PASS" start="2025-04-24T16:15:03.241018" elapsed="10.505749"/>
</suite>
<suite id="s1-s6" name="06 Compra" source="C:\Users\LENOVO\Downloads\projeto_robotframework_fcamara\tests\06_compra.robot">
<test id="s1-s6-t1" name="Realizar compra completa :: Teste E2E para realizar uma compra com sucesso" line="7">
<kw name="Abrir site" owner="home_page">
<kw name="Open Browser" owner="SeleniumLibrary">
<msg time="2025-04-24T16:15:13.766716" level="INFO">Opening browser 'chrome' to base url 'http://www.automationpractice.pl/index.php'.</msg>
<arg>http://www.automationpractice.pl/index.php</arg>
<arg>chrome</arg>
<doc>Opens a new browser instance to the optional ``url``.</doc>
<status status="PASS" start="2025-04-24T16:15:13.766716" elapsed="7.126210"/>
</kw>
<kw name="Maximize Browser Window" owner="SeleniumLibrary">
<doc>Maximizes current browser window.</doc>
<status status="PASS" start="2025-04-24T16:15:20.895606" elapsed="0.099641"/>
</kw>
<status status="PASS" start="2025-04-24T16:15:13.766716" elapsed="7.228531"/>
</kw>
<kw name="Fazer login com usuário existente" owner="home_page">
<kw name="Click Element" owner="SeleniumLibrary">
<msg time="2025-04-24T16:15:20.997763" level="INFO">Clicking element 'xpath=//a[@class='login']'.</msg>
<arg>xpath=//a[@class='login']</arg>
<doc>Click the element identified by ``locator``.</doc>
<status status="PASS" start="2025-04-24T16:15:20.997763" elapsed="1.363363"/>
</kw>
<kw name="Input Text" owner="SeleniumLibrary">
<msg time="2025-04-24T16:15:22.362538" level="INFO">Typing text 'teste@example.com' into text field 'id=email'.</msg>
<arg>id=email</arg>
<arg>teste@example.com</arg>
<doc>Types the given ``text`` into the text field identified by ``locator``.</doc>
<status status="PASS" start="2025-04-24T16:15:22.362538" elapsed="0.198999"/>
</kw>
<kw name="Input Text" owner="SeleniumLibrary">
<msg time="2025-04-24T16:15:22.562678" level="INFO">Typing text '654321' into text field 'id=passwd'.</msg>
<arg>id=passwd</arg>
<arg>654321</arg>
<doc>Types the given ``text`` into the text field identified by ``locator``.</doc>
<status status="PASS" start="2025-04-24T16:15:22.562678" elapsed="0.113421"/>
</kw>
<kw name="Click Button" owner="SeleniumLibrary">
<msg time="2025-04-24T16:15:22.677171" level="INFO">Clicking button 'id=SubmitLogin'.</msg>
<arg>id=SubmitLogin</arg>
<doc>Clicks the button identified by ``locator``.</doc>
<status status="PASS" start="2025-04-24T16:15:22.676099" elapsed="1.357570"/>
</kw>
<kw name="Wait Until Page Contains Element" owner="SeleniumLibrary">
<arg>xpath=//a[@class='logout']</arg>
<arg>10s</arg>
<doc>Waits until the element ``locator`` appears on the current page.</doc>
<status status="PASS" start="2025-04-24T16:15:24.033669" elapsed="0.013359"/>
</kw>
<status status="PASS" start="2025-04-24T16:15:20.996756" elapsed="3.050272"/>
</kw>
<kw name="Acessar seção Women" owner="home_page">
<kw name="Click Element" owner="SeleniumLibrary">
<msg time="2025-04-24T16:15:24.049111" level="INFO">Clicking element 'xpath=//a[@title='Women' and contains(text(), 'Women')]'.</msg>
<arg>xpath=//a[@title='Women' and contains(text(), 'Women')]</arg>
<doc>Click the element identified by ``locator``.</doc>
<status status="PASS" start="2025-04-24T16:15:24.048080" elapsed="2.241867"/>
</kw>
<kw name="Wait Until Page Contains Element" owner="SeleniumLibrary">
<arg>xpath=//a[@title='Blouse']</arg>
<arg>10s</arg>
<doc>Waits until the element ``locator`` appears on the current page.</doc>
<status status="PASS" start="2025-04-24T16:15:26.289947" elapsed="0.019766"/>
</kw>
<status status="PASS" start="2025-04-24T16:15:24.048080" elapsed="2.261633"/>
</kw>
<kw name="Selecionar produto &quot;Blouse&quot;" owner="home_page">
<kw name="Scroll Element Into View" owner="SeleniumLibrary">
<arg>xpath=//a[@title='Blouse']</arg>
<doc>Scrolls the element identified by ``locator`` into view.</doc>
<status status="PASS" start="2025-04-24T16:15:26.311037" elapsed="0.282141"/>
</kw>
<kw name="Mouse Over" owner="SeleniumLibrary">
<msg time="2025-04-24T16:15:26.593178" level="INFO">Simulating Mouse Over on element 'xpath=//a[@title='Blouse']'.</msg>
<arg>xpath=//a[@title='Blouse']</arg>
<doc>Simulates hovering the mouse over the element ``locator``.</doc>
<status status="PASS" start="2025-04-24T16:15:26.593178" elapsed="0.282232"/>
</kw>
<kw name="Sleep" owner="BuiltIn">
<msg time="2025-04-24T16:15:27.875783" level="INFO">Slept 1 second.</msg>
<arg>1s</arg>
<doc>Pauses the test executed for the given time.</doc>
<status status="PASS" start="2025-04-24T16:15:26.875410" elapsed="1.000373"/>
</kw>
<kw name="Wait Until Element Is Visible" owner="SeleniumLibrary">
<msg time="2025-04-24T16:15:38.309244" level="INFO" html="true">&lt;/td&gt;&lt;/tr&gt;&lt;tr&gt;&lt;td colspan="3"&gt;&lt;a href="selenium-screenshot-298.png"&gt;&lt;img src="selenium-screenshot-298.png" width="800px"&gt;&lt;/a&gt;</msg>
<msg time="2025-04-24T16:15:38.309244" level="FAIL">Element 'xpath=//a[@title='Blouse']/ancestor::li//a[@title='Add to cart']' not visible after 10 seconds.</msg>
<arg>xpath=//a[@title='Blouse']/ancestor::li//a[@title='Add to cart']</arg>
<arg>10s</arg>
<doc>Waits until the element ``locator`` is visible.</doc>
<status status="FAIL" start="2025-04-24T16:15:27.875783" elapsed="10.435661">Element 'xpath=//a[@title='Blouse']/ancestor::li//a[@title='Add to cart']' not visible after 10 seconds.</status>
</kw>
<kw name="Click Element" owner="SeleniumLibrary">
<arg>xpath=//a[@title='Blouse']/ancestor::li//a[@title='Add to cart']</arg>
<doc>Click the element identified by ``locator``.</doc>
<status status="NOT RUN" start="2025-04-24T16:15:38.311444" elapsed="0.000000"/>
</kw>
<status status="FAIL" start="2025-04-24T16:15:26.311037" elapsed="12.000407">Element 'xpath=//a[@title='Blouse']/ancestor::li//a[@title='Add to cart']' not visible after 10 seconds.</status>
</kw>
<kw name="Adicionar produto ao carrinho" owner="home_page">
<status status="NOT RUN" start="2025-04-24T16:15:38.311444" elapsed="0.000000"/>
</kw>
<kw name="Finalizar compra" owner="home_page">
<status status="NOT RUN" start="2025-04-24T16:15:38.312512" elapsed="0.000000"/>
</kw>
<kw name="Validar confirmação de pedido" owner="home_page">
<status status="NOT RUN" start="2025-04-24T16:15:38.312512" elapsed="0.000000"/>
</kw>
<kw name="Tirar evidência da compra" owner="home_page">
<status status="NOT RUN" start="2025-04-24T16:15:38.312512" elapsed="0.000000"/>
</kw>
<kw name="Fechar navegador" owner="home_page">
<status status="NOT RUN" start="2025-04-24T16:15:38.313572" elapsed="0.000000"/>
</kw>
<tag>compra</tag>
<status status="FAIL" start="2025-04-24T16:15:13.764146" elapsed="24.549426">Element 'xpath=//a[@title='Blouse']/ancestor::li//a[@title='Add to cart']' not visible after 10 seconds.</status>
</test>
<status status="FAIL" start="2025-04-24T16:15:13.747776" elapsed="24.566779"/>
</suite>
<status status="FAIL" start="2025-04-24T16:14:17.184636" elapsed="81.132023"/>
</suite>
<statistics>
<total>
<stat pass="4" fail="2" skip="0">All Tests</stat>
</total>
<tag>
<stat pass="0" fail="1" skip="0">compra</stat>
<stat pass="1" fail="0" skip="0">create_account</stat>
<stat pass="1" fail="0" skip="0">create_account_e-mail_invalido</stat>
<stat pass="1" fail="0" skip="0">login</stat>
<stat pass="1" fail="0" skip="0">login_senha_incorreta</stat>
<stat pass="0" fail="1" skip="0">validar_campos_obrigatorios</stat>
</tag>
<suite>
<stat name="Tests" id="s1" pass="4" fail="2" skip="0">Tests</stat>
<stat name="01 Create Account" id="s1-s1" pass="1" fail="0" skip="0">Tests.01 Create Account</stat>
<stat name="02 Login" id="s1-s2" pass="1" fail="0" skip="0">Tests.02 Login</stat>
<stat name="03 Create Account Email Invalido" id="s1-s3" pass="1" fail="0" skip="0">Tests.03 Create Account Email Invalido</stat>
<stat name="04 Account Validar Campos Obrigatorios" id="s1-s4" pass="0" fail="1" skip="0">Tests.04 Account Validar Campos Obrigatorios</stat>
<stat name="05 Login Senha Incorreta" id="s1-s5" pass="1" fail="0" skip="0">Tests.05 Login Senha Incorreta</stat>
<stat name="06 Compra" id="s1-s6" pass="0" fail="1" skip="0">Tests.06 Compra</stat>
</suite>
</statistics>
<errors>
</errors>
</robot>
